{"F:\\Level 6 Software development - 2025\\TestNest_ReactNative_v2\\TestNestStudent\\src\\theme.js": {"path":"F:\\Level 6 Software development - 2025\\TestNest_ReactNative_v2\\TestNestStudent\\src\\theme.js","statementMap":{"0":{"start":{"line":2,"column":22},"end":{"line":10,"column":1}},"1":{"start":{"line":12,"column":21},"end":{"line":16,"column":1}}},"fnMap":{},"branchMap":{},"s":{"0":1,"1":1},"f":{},"b":{},"_coverageSchema":"1a1c01bbd47fc00a2c39e90264f33305004495a9","hash":"c90be21e467f7900d80cdf041dde8c04c02d1f8d"}
,"F:\\Level 6 Software development - 2025\\TestNest_ReactNative_v2\\TestNestStudent\\src\\components\\CircularProgress.jsx": {"path":"F:\\Level 6 Software development - 2025\\TestNest_ReactNative_v2\\TestNestStudent\\src\\components\\CircularProgress.jsx","statementMap":{"0":{"start":{"line":5,"column":25},"end":{"line":50,"column":1}},"1":{"start":{"line":13,"column":17},"end":{"line":13,"column":41}},"2":{"start":{"line":14,"column":24},"end":{"line":14,"column":44}},"3":{"start":{"line":15,"column":26},"end":{"line":15,"column":39}},"4":{"start":{"line":18,"column":27},"end":{"line":18,"column":75}},"5":{"start":{"line":21,"column":23},"end":{"line":21,"column":68}},"6":{"start":{"line":23,"column":2},"end":{"line":49,"column":4}}},"fnMap":{"0":{"name":"(anonymous_0)","decl":{"start":{"line":5,"column":25},"end":{"line":5,"column":26}},"loc":{"start":{"line":12,"column":6},"end":{"line":50,"column":1}},"line":12}},"branchMap":{"0":{"loc":{"start":{"line":6,"column":2},"end":{"line":6,"column":12}},"type":"default-arg","locations":[{"start":{"line":6,"column":9},"end":{"line":6,"column":12}}],"line":6},"1":{"loc":{"start":{"line":7,"column":2},"end":{"line":7,"column":17}},"type":"default-arg","locations":[{"start":{"line":7,"column":16},"end":{"line":7,"column":17}}],"line":7},"2":{"loc":{"start":{"line":8,"column":2},"end":{"line":8,"column":14}},"type":"default-arg","locations":[{"start":{"line":8,"column":13},"end":{"line":8,"column":14}}],"line":8},"3":{"loc":{"start":{"line":9,"column":2},"end":{"line":9,"column":29}},"type":"default-arg","locations":[{"start":{"line":9,"column":20},"end":{"line":9,"column":29}}],"line":9},"4":{"loc":{"start":{"line":10,"column":2},"end":{"line":10,"column":27}},"type":"default-arg","locations":[{"start":{"line":10,"column":18},"end":{"line":10,"column":27}}],"line":10},"5":{"loc":{"start":{"line":11,"column":2},"end":{"line":11,"column":26}},"type":"default-arg","locations":[{"start":{"line":11,"column":17},"end":{"line":11,"column":26}}],"line":11},"6":{"loc":{"start":{"line":21,"column":23},"end":{"line":21,"column":68}},"type":"cond-expr","locations":[{"start":{"line":21,"column":40},"end":{"line":21,"column":52}},{"start":{"line":21,"column":55},"end":{"line":21,"column":68}}],"line":21}},"s":{"0":1,"1":0,"2":0,"3":0,"4":0,"5":0,"6":0},"f":{"0":0},"b":{"0":[0],"1":[0],"2":[0],"3":[0],"4":[0],"5":[0],"6":[0,0]},"_coverageSchema":"1a1c01bbd47fc00a2c39e90264f33305004495a9","hash":"8723daa9eb07a8d7b01abcfd2d7f3c3e604b7f58"}
,"F:\\Level 6 Software development - 2025\\TestNest_ReactNative_v2\\TestNestStudent\\src\\components\\Header.jsx": {"path":"F:\\Level 6 Software development - 2025\\TestNest_ReactNative_v2\\TestNestStudent\\src\\components\\Header.jsx","statementMap":{"0":{"start":{"line":11,"column":14},"end":{"line":11,"column":29}},"1":{"start":{"line":12,"column":25},"end":{"line":12,"column":34}},"2":{"start":{"line":14,"column":27},"end":{"line":16,"column":3}},"3":{"start":{"line":15,"column":4},"end":{"line":15,"column":45}},"4":{"start":{"line":18,"column":29},"end":{"line":26,"column":3}},"5":{"start":{"line":19,"column":4},"end":{"line":25,"column":5}},"6":{"start":{"line":21,"column":6},"end":{"line":21,"column":61}},"7":{"start":{"line":24,"column":6},"end":{"line":24,"column":35}},"8":{"start":{"line":28,"column":2},"end":{"line":38,"column":4}}},"fnMap":{"0":{"name":"Header","decl":{"start":{"line":10,"column":24},"end":{"line":10,"column":30}},"loc":{"start":{"line":10,"column":54},"end":{"line":39,"column":1}},"line":10},"1":{"name":"(anonymous_1)","decl":{"start":{"line":14,"column":27},"end":{"line":14,"column":28}},"loc":{"start":{"line":14,"column":33},"end":{"line":16,"column":3}},"line":14},"2":{"name":"(anonymous_2)","decl":{"start":{"line":18,"column":29},"end":{"line":18,"column":30}},"loc":{"start":{"line":18,"column":35},"end":{"line":26,"column":3}},"line":18}},"branchMap":{"0":{"loc":{"start":{"line":19,"column":4},"end":{"line":25,"column":5}},"type":"if","locations":[{"start":{"line":19,"column":4},"end":{"line":25,"column":5}},{"start":{"line":22,"column":11},"end":{"line":25,"column":5}}],"line":19}},"s":{"0":10,"1":10,"2":10,"3":0,"4":10,"5":0,"6":0,"7":0,"8":10},"f":{"0":10,"1":0,"2":0},"b":{"0":[0,0]},"_coverageSchema":"1a1c01bbd47fc00a2c39e90264f33305004495a9","hash":"65bd3ba5f19b3f4e04008f8fc42a11a741706462"}
,"F:\\Level 6 Software development - 2025\\TestNest_ReactNative_v2\\TestNestStudent\\src\\config\\supabase.js": {"path":"F:\\Level 6 Software development - 2025\\TestNest_ReactNative_v2\\TestNestStudent\\src\\config\\supabase.js","statementMap":{"0":{"start":{"line":6,"column":20},"end":{"line":6,"column":62}},"1":{"start":{"line":7,"column":20},"end":{"line":7,"column":230}},"2":{"start":{"line":9,"column":24},"end":{"line":16,"column":2}}},"fnMap":{},"branchMap":{},"s":{"0":0,"1":0,"2":0},"f":{},"b":{}}
,"F:\\Level 6 Software development - 2025\\TestNest_ReactNative_v2\\TestNestStudent\\src\\contexts\\AuthContext.js": {"path":"F:\\Level 6 Software development - 2025\\TestNest_ReactNative_v2\\TestNestStudent\\src\\contexts\\AuthContext.js","statementMap":{"0":{"start":{"line":6,"column":20},"end":{"line":6,"column":35}},"1":{"start":{"line":8,"column":23},"end":{"line":14,"column":1}},"2":{"start":{"line":9,"column":18},"end":{"line":9,"column":41}},"3":{"start":{"line":10,"column":2},"end":{"line":12,"column":3}},"4":{"start":{"line":11,"column":4},"end":{"line":11,"column":67}},"5":{"start":{"line":13,"column":2},"end":{"line":13,"column":17}},"6":{"start":{"line":16,"column":28},"end":{"line":222,"column":1}},"7":{"start":{"line":17,"column":38},"end":{"line":17,"column":53}},"8":{"start":{"line":18,"column":26},"end":{"line":18,"column":40}},"9":{"start":{"line":19,"column":32},"end":{"line":19,"column":46}},"10":{"start":{"line":21,"column":2},"end":{"line":23,"column":9}},"11":{"start":{"line":22,"column":4},"end":{"line":22,"column":21}},"12":{"start":{"line":25,"column":25},"end":{"line":44,"column":3}},"13":{"start":{"line":26,"column":4},"end":{"line":43,"column":5}},"14":{"start":{"line":27,"column":6},"end":{"line":27,"column":47}},"15":{"start":{"line":28,"column":28},"end":{"line":28,"column":69}},"16":{"start":{"line":30,"column":6},"end":{"line":37,"column":7}},"17":{"start":{"line":31,"column":24},"end":{"line":31,"column":49}},"18":{"start":{"line":32,"column":8},"end":{"line":32,"column":72}},"19":{"start":{"line":33,"column":8},"end":{"line":33,"column":30}},"20":{"start":{"line":34,"column":8},"end":{"line":34,"column":28}},"21":{"start":{"line":36,"column":8},"end":{"line":36,"column":49}},"22":{"start":{"line":39,"column":6},"end":{"line":39,"column":59}},"23":{"start":{"line":40,"column":6},"end":{"line":40,"column":51}},"24":{"start":{"line":42,"column":6},"end":{"line":42,"column":24}},"25":{"start":{"line":47,"column":23},"end":{"line":49,"column":3}},"26":{"start":{"line":48,"column":4},"end":{"line":48,"column":48}},"27":{"start":{"line":52,"column":28},"end":{"line":55,"column":3}},"28":{"start":{"line":53,"column":15},"end":{"line":53,"column":34}},"29":{"start":{"line":54,"column":4},"end":{"line":54,"column":43}},"30":{"start":{"line":57,"column":17},"end":{"line":103,"column":3}},"31":{"start":{"line":58,"column":4},"end":{"line":102,"column":5}},"32":{"start":{"line":59,"column":6},"end":{"line":59,"column":23}},"33":{"start":{"line":60,"column":6},"end":{"line":60,"column":61}},"34":{"start":{"line":62,"column":6},"end":{"line":64,"column":7}},"35":{"start":{"line":63,"column":8},"end":{"line":63,"column":57}},"36":{"start":{"line":66,"column":29},"end":{"line":66,"column":51}},"37":{"start":{"line":68,"column":23},"end":{"line":75,"column":7}},"38":{"start":{"line":77,"column":30},"end":{"line":81,"column":17}},"39":{"start":{"line":83,"column":6},"end":{"line":93,"column":7}},"40":{"start":{"line":84,"column":8},"end":{"line":84,"column":54}},"41":{"start":{"line":85,"column":8},"end":{"line":91,"column":9}},"42":{"start":{"line":86,"column":10},"end":{"line":90,"column":11}},"43":{"start":{"line":87,"column":12},"end":{"line":87,"column":55}},"44":{"start":{"line":88,"column":17},"end":{"line":90,"column":11}},"45":{"start":{"line":89,"column":12},"end":{"line":89,"column":57}},"46":{"start":{"line":92,"column":8},"end":{"line":92,"column":20}},"47":{"start":{"line":95,"column":6},"end":{"line":95,"column":54}},"48":{"start":{"line":96,"column":6},"end":{"line":96,"column":43}},"49":{"start":{"line":98,"column":6},"end":{"line":98,"column":47}},"50":{"start":{"line":99,"column":6},"end":{"line":99,"column":54}},"51":{"start":{"line":101,"column":6},"end":{"line":101,"column":24}},"52":{"start":{"line":105,"column":17},"end":{"line":183,"column":3}},"53":{"start":{"line":106,"column":4},"end":{"line":182,"column":5}},"54":{"start":{"line":107,"column":6},"end":{"line":107,"column":23}},"55":{"start":{"line":108,"column":6},"end":{"line":108,"column":64}},"56":{"start":{"line":110,"column":29},"end":{"line":110,"column":51}},"57":{"start":{"line":111,"column":26},"end":{"line":111,"column":70}},"58":{"start":{"line":114,"column":6},"end":{"line":148,"column":7}},"59":{"start":{"line":115,"column":8},"end":{"line":115,"column":69}},"60":{"start":{"line":116,"column":32},"end":{"line":121,"column":19}},"61":{"start":{"line":123,"column":8},"end":{"line":129,"column":9}},"62":{"start":{"line":124,"column":10},"end":{"line":124,"column":60}},"63":{"start":{"line":125,"column":10},"end":{"line":127,"column":11}},"64":{"start":{"line":126,"column":12},"end":{"line":126,"column":52}},"65":{"start":{"line":128,"column":10},"end":{"line":128,"column":63}},"66":{"start":{"line":130,"column":8},"end":{"line":130,"column":24}},"67":{"start":{"line":132,"column":8},"end":{"line":132,"column":68}},"68":{"start":{"line":133,"column":32},"end":{"line":138,"column":19}},"69":{"start":{"line":140,"column":8},"end":{"line":146,"column":9}},"70":{"start":{"line":141,"column":10},"end":{"line":141,"column":59}},"71":{"start":{"line":142,"column":10},"end":{"line":144,"column":11}},"72":{"start":{"line":143,"column":12},"end":{"line":143,"column":50}},"73":{"start":{"line":145,"column":10},"end":{"line":145,"column":63}},"74":{"start":{"line":147,"column":8},"end":{"line":147,"column":24}},"75":{"start":{"line":150,"column":6},"end":{"line":152,"column":7}},"76":{"start":{"line":151,"column":8},"end":{"line":151,"column":42}},"77":{"start":{"line":154,"column":6},"end":{"line":156,"column":7}},"78":{"start":{"line":155,"column":8},"end":{"line":155,"column":44}},"79":{"start":{"line":158,"column":26},"end":{"line":168,"column":7}},"80":{"start":{"line":170,"column":6},"end":{"line":170,"column":32}},"81":{"start":{"line":171,"column":6},"end":{"line":171,"column":26}},"82":{"start":{"line":173,"column":6},"end":{"line":173,"column":77}},"83":{"start":{"line":174,"column":6},"end":{"line":174,"column":56}},"84":{"start":{"line":176,"column":6},"end":{"line":176,"column":31}},"85":{"start":{"line":178,"column":6},"end":{"line":178,"column":47}},"86":{"start":{"line":179,"column":6},"end":{"line":179,"column":54}},"87":{"start":{"line":181,"column":6},"end":{"line":181,"column":24}},"88":{"start":{"line":185,"column":18},"end":{"line":205,"column":3}},"89":{"start":{"line":186,"column":4},"end":{"line":204,"column":5}},"90":{"start":{"line":187,"column":6},"end":{"line":187,"column":23}},"91":{"start":{"line":188,"column":6},"end":{"line":188,"column":51}},"92":{"start":{"line":191,"column":6},"end":{"line":191,"column":20}},"93":{"start":{"line":192,"column":6},"end":{"line":192,"column":27}},"94":{"start":{"line":195,"column":6},"end":{"line":195,"column":85}},"95":{"start":{"line":196,"column":6},"end":{"line":196,"column":59}},"96":{"start":{"line":198,"column":6},"end":{"line":198,"column":31}},"97":{"start":{"line":200,"column":6},"end":{"line":200,"column":48}},"98":{"start":{"line":201,"column":6},"end":{"line":201,"column":54}},"99":{"start":{"line":203,"column":6},"end":{"line":203,"column":24}},"100":{"start":{"line":207,"column":16},"end":{"line":215,"column":3}},"101":{"start":{"line":217,"column":2},"end":{"line":221,"column":4}}},"fnMap":{"0":{"name":"(anonymous_0)","decl":{"start":{"line":8,"column":23},"end":{"line":8,"column":24}},"loc":{"start":{"line":8,"column":29},"end":{"line":14,"column":1}},"line":8},"1":{"name":"(anonymous_1)","decl":{"start":{"line":16,"column":28},"end":{"line":16,"column":29}},"loc":{"start":{"line":16,"column":46},"end":{"line":222,"column":1}},"line":16},"2":{"name":"(anonymous_2)","decl":{"start":{"line":21,"column":12},"end":{"line":21,"column":13}},"loc":{"start":{"line":21,"column":18},"end":{"line":23,"column":3}},"line":21},"3":{"name":"(anonymous_3)","decl":{"start":{"line":25,"column":25},"end":{"line":25,"column":26}},"loc":{"start":{"line":25,"column":37},"end":{"line":44,"column":3}},"line":25},"4":{"name":"(anonymous_4)","decl":{"start":{"line":47,"column":23},"end":{"line":47,"column":24}},"loc":{"start":{"line":47,"column":37},"end":{"line":49,"column":3}},"line":47},"5":{"name":"(anonymous_5)","decl":{"start":{"line":52,"column":28},"end":{"line":52,"column":29}},"loc":{"start":{"line":52,"column":43},"end":{"line":55,"column":3}},"line":52},"6":{"name":"(anonymous_6)","decl":{"start":{"line":57,"column":17},"end":{"line":57,"column":18}},"loc":{"start":{"line":57,"column":79},"end":{"line":103,"column":3}},"line":57},"7":{"name":"(anonymous_7)","decl":{"start":{"line":105,"column":17},"end":{"line":105,"column":18}},"loc":{"start":{"line":105,"column":49},"end":{"line":183,"column":3}},"line":105},"8":{"name":"(anonymous_8)","decl":{"start":{"line":185,"column":18},"end":{"line":185,"column":19}},"loc":{"start":{"line":185,"column":30},"end":{"line":205,"column":3}},"line":185}},"branchMap":{"0":{"loc":{"start":{"line":10,"column":2},"end":{"line":12,"column":3}},"type":"if","locations":[{"start":{"line":10,"column":2},"end":{"line":12,"column":3}},{"start":{},"end":{}}],"line":10},"1":{"loc":{"start":{"line":30,"column":6},"end":{"line":37,"column":7}},"type":"if","locations":[{"start":{"line":30,"column":6},"end":{"line":37,"column":7}},{"start":{"line":35,"column":13},"end":{"line":37,"column":7}}],"line":30},"2":{"loc":{"start":{"line":54,"column":11},"end":{"line":54,"column":42}},"type":"binary-expr","locations":[{"start":{"line":54,"column":11},"end":{"line":54,"column":24}},{"start":{"line":54,"column":28},"end":{"line":54,"column":42}}],"line":54},"3":{"loc":{"start":{"line":62,"column":6},"end":{"line":64,"column":7}},"type":"if","locations":[{"start":{"line":62,"column":6},"end":{"line":64,"column":7}},{"start":{},"end":{}}],"line":62},"4":{"loc":{"start":{"line":83,"column":6},"end":{"line":93,"column":7}},"type":"if","locations":[{"start":{"line":83,"column":6},"end":{"line":93,"column":7}},{"start":{},"end":{}}],"line":83},"5":{"loc":{"start":{"line":85,"column":8},"end":{"line":91,"column":9}},"type":"if","locations":[{"start":{"line":85,"column":8},"end":{"line":91,"column":9}},{"start":{},"end":{}}],"line":85},"6":{"loc":{"start":{"line":86,"column":10},"end":{"line":90,"column":11}},"type":"if","locations":[{"start":{"line":86,"column":10},"end":{"line":90,"column":11}},{"start":{"line":88,"column":17},"end":{"line":90,"column":11}}],"line":86},"7":{"loc":{"start":{"line":88,"column":17},"end":{"line":90,"column":11}},"type":"if","locations":[{"start":{"line":88,"column":17},"end":{"line":90,"column":11}},{"start":{},"end":{}}],"line":88},"8":{"loc":{"start":{"line":111,"column":26},"end":{"line":111,"column":70}},"type":"binary-expr","locations":[{"start":{"line":111,"column":26},"end":{"line":111,"column":44}},{"start":{"line":111,"column":48},"end":{"line":111,"column":70}}],"line":111},"9":{"loc":{"start":{"line":114,"column":6},"end":{"line":148,"column":7}},"type":"if","locations":[{"start":{"line":114,"column":6},"end":{"line":148,"column":7}},{"start":{"line":131,"column":13},"end":{"line":148,"column":7}}],"line":114},"10":{"loc":{"start":{"line":123,"column":8},"end":{"line":129,"column":9}},"type":"if","locations":[{"start":{"line":123,"column":8},"end":{"line":129,"column":9}},{"start":{},"end":{}}],"line":123},"11":{"loc":{"start":{"line":125,"column":10},"end":{"line":127,"column":11}},"type":"if","locations":[{"start":{"line":125,"column":10},"end":{"line":127,"column":11}},{"start":{},"end":{}}],"line":125},"12":{"loc":{"start":{"line":140,"column":8},"end":{"line":146,"column":9}},"type":"if","locations":[{"start":{"line":140,"column":8},"end":{"line":146,"column":9}},{"start":{},"end":{}}],"line":140},"13":{"loc":{"start":{"line":142,"column":10},"end":{"line":144,"column":11}},"type":"if","locations":[{"start":{"line":142,"column":10},"end":{"line":144,"column":11}},{"start":{},"end":{}}],"line":142},"14":{"loc":{"start":{"line":150,"column":6},"end":{"line":152,"column":7}},"type":"if","locations":[{"start":{"line":150,"column":6},"end":{"line":152,"column":7}},{"start":{},"end":{}}],"line":150},"15":{"loc":{"start":{"line":154,"column":6},"end":{"line":156,"column":7}},"type":"if","locations":[{"start":{"line":154,"column":6},"end":{"line":156,"column":7}},{"start":{},"end":{}}],"line":154}},"s":{"0":0,"1":0,"2":0,"3":0,"4":0,"5":0,"6":0,"7":0,"8":0,"9":0,"10":0,"11":0,"12":0,"13":0,"14":0,"15":0,"16":0,"17":0,"18":0,"19":0,"20":0,"21":0,"22":0,"23":0,"24":0,"25":0,"26":0,"27":0,"28":0,"29":0,"30":0,"31":0,"32":0,"33":0,"34":0,"35":0,"36":0,"37":0,"38":0,"39":0,"40":0,"41":0,"42":0,"43":0,"44":0,"45":0,"46":0,"47":0,"48":0,"49":0,"50":0,"51":0,"52":0,"53":0,"54":0,"55":0,"56":0,"57":0,"58":0,"59":0,"60":0,"61":0,"62":0,"63":0,"64":0,"65":0,"66":0,"67":0,"68":0,"69":0,"70":0,"71":0,"72":0,"73":0,"74":0,"75":0,"76":0,"77":0,"78":0,"79":0,"80":0,"81":0,"82":0,"83":0,"84":0,"85":0,"86":0,"87":0,"88":0,"89":0,"90":0,"91":0,"92":0,"93":0,"94":0,"95":0,"96":0,"97":0,"98":0,"99":0,"100":0,"101":0},"f":{"0":0,"1":0,"2":0,"3":0,"4":0,"5":0,"6":0,"7":0,"8":0},"b":{"0":[0,0],"1":[0,0],"2":[0,0],"3":[0,0],"4":[0,0],"5":[0,0],"6":[0,0],"7":[0,0],"8":[0,0],"9":[0,0],"10":[0,0],"11":[0,0],"12":[0,0],"13":[0,0],"14":[0,0],"15":[0,0]}}
,"F:\\Level 6 Software development - 2025\\TestNest_ReactNative_v2\\TestNestStudent\\src\\contexts\\TestTimerContext.jsx": {"path":"F:\\Level 6 Software development - 2025\\TestNest_ReactNative_v2\\TestNestStudent\\src\\contexts\\TestTimerContext.jsx","statementMap":{"0":{"start":{"line":3,"column":25},"end":{"line":3,"column":40}},"1":{"start":{"line":5,"column":33},"end":{"line":77,"column":1}},"2":{"start":{"line":6,"column":25},"end":{"line":6,"column":37}},"3":{"start":{"line":7,"column":26},"end":{"line":7,"column":38}},"4":{"start":{"line":9,"column":24},"end":{"line":25,"column":3}},"5":{"start":{"line":10,"column":4},"end":{"line":10,"column":103}},"6":{"start":{"line":13,"column":4},"end":{"line":19,"column":5}},"7":{"start":{"line":14,"column":6},"end":{"line":14,"column":79}},"8":{"start":{"line":15,"column":6},"end":{"line":18,"column":7}},"9":{"start":{"line":16,"column":8},"end":{"line":16,"column":46}},"10":{"start":{"line":17,"column":8},"end":{"line":17,"column":38}},"11":{"start":{"line":22,"column":4},"end":{"line":22,"column":57}},"12":{"start":{"line":23,"column":4},"end":{"line":23,"column":38}},"13":{"start":{"line":24,"column":4},"end":{"line":24,"column":37}},"14":{"start":{"line":27,"column":21},"end":{"line":43,"column":3}},"15":{"start":{"line":28,"column":4},"end":{"line":28,"column":96}},"16":{"start":{"line":31,"column":4},"end":{"line":35,"column":5}},"17":{"start":{"line":32,"column":6},"end":{"line":32,"column":44}},"18":{"start":{"line":33,"column":6},"end":{"line":33,"column":36}},"19":{"start":{"line":34,"column":6},"end":{"line":34,"column":46}},"20":{"start":{"line":39,"column":4},"end":{"line":42,"column":5}},"21":{"start":{"line":40,"column":6},"end":{"line":40,"column":61}},"22":{"start":{"line":41,"column":6},"end":{"line":41,"column":37}},"23":{"start":{"line":45,"column":23},"end":{"line":49,"column":3}},"24":{"start":{"line":46,"column":21},"end":{"line":46,"column":55}},"25":{"start":{"line":47,"column":4},"end":{"line":47,"column":120}},"26":{"start":{"line":48,"column":4},"end":{"line":48,"column":20}},"27":{"start":{"line":51,"column":24},"end":{"line":54,"column":3}},"28":{"start":{"line":52,"column":4},"end":{"line":52,"column":89}},"29":{"start":{"line":53,"column":4},"end":{"line":53,"column":37}},"30":{"start":{"line":56,"column":26},"end":{"line":63,"column":3}},"31":{"start":{"line":57,"column":4},"end":{"line":57,"column":69}},"32":{"start":{"line":58,"column":4},"end":{"line":61,"column":5}},"33":{"start":{"line":59,"column":6},"end":{"line":59,"column":44}},"34":{"start":{"line":60,"column":6},"end":{"line":60,"column":36}},"35":{"start":{"line":62,"column":4},"end":{"line":62,"column":35}},"36":{"start":{"line":65,"column":2},"end":{"line":76,"column":4}},"37":{"start":{"line":79,"column":28},"end":{"line":85,"column":1}},"38":{"start":{"line":80,"column":18},"end":{"line":80,"column":46}},"39":{"start":{"line":81,"column":2},"end":{"line":83,"column":3}},"40":{"start":{"line":82,"column":4},"end":{"line":82,"column":76}},"41":{"start":{"line":84,"column":2},"end":{"line":84,"column":17}}},"fnMap":{"0":{"name":"(anonymous_0)","decl":{"start":{"line":5,"column":33},"end":{"line":5,"column":34}},"loc":{"start":{"line":5,"column":51},"end":{"line":77,"column":1}},"line":5},"1":{"name":"(anonymous_1)","decl":{"start":{"line":9,"column":24},"end":{"line":9,"column":25}},"loc":{"start":{"line":9,"column":46},"end":{"line":25,"column":3}},"line":9},"2":{"name":"(anonymous_2)","decl":{"start":{"line":27,"column":21},"end":{"line":27,"column":22}},"loc":{"start":{"line":27,"column":33},"end":{"line":43,"column":3}},"line":27},"3":{"name":"(anonymous_3)","decl":{"start":{"line":45,"column":23},"end":{"line":45,"column":24}},"loc":{"start":{"line":45,"column":35},"end":{"line":49,"column":3}},"line":45},"4":{"name":"(anonymous_4)","decl":{"start":{"line":51,"column":24},"end":{"line":51,"column":25}},"loc":{"start":{"line":51,"column":36},"end":{"line":54,"column":3}},"line":51},"5":{"name":"(anonymous_5)","decl":{"start":{"line":56,"column":26},"end":{"line":56,"column":27}},"loc":{"start":{"line":56,"column":32},"end":{"line":63,"column":3}},"line":56},"6":{"name":"(anonymous_6)","decl":{"start":{"line":79,"column":28},"end":{"line":79,"column":29}},"loc":{"start":{"line":79,"column":34},"end":{"line":85,"column":1}},"line":79}},"branchMap":{"0":{"loc":{"start":{"line":13,"column":4},"end":{"line":19,"column":5}},"type":"if","locations":[{"start":{"line":13,"column":4},"end":{"line":19,"column":5}},{"start":{},"end":{}}],"line":13},"1":{"loc":{"start":{"line":13,"column":8},"end":{"line":13,"column":69}},"type":"binary-expr","locations":[{"start":{"line":13,"column":8},"end":{"line":13,"column":31}},{"start":{"line":13,"column":35},"end":{"line":13,"column":69}}],"line":13},"2":{"loc":{"start":{"line":15,"column":6},"end":{"line":18,"column":7}},"type":"if","locations":[{"start":{"line":15,"column":6},"end":{"line":18,"column":7}},{"start":{},"end":{}}],"line":15},"3":{"loc":{"start":{"line":31,"column":4},"end":{"line":35,"column":5}},"type":"if","locations":[{"start":{"line":31,"column":4},"end":{"line":35,"column":5}},{"start":{},"end":{}}],"line":31},"4":{"loc":{"start":{"line":39,"column":4},"end":{"line":42,"column":5}},"type":"if","locations":[{"start":{"line":39,"column":4},"end":{"line":42,"column":5}},{"start":{},"end":{}}],"line":39},"5":{"loc":{"start":{"line":58,"column":4},"end":{"line":61,"column":5}},"type":"if","locations":[{"start":{"line":58,"column":4},"end":{"line":61,"column":5}},{"start":{},"end":{}}],"line":58},"6":{"loc":{"start":{"line":81,"column":2},"end":{"line":83,"column":3}},"type":"if","locations":[{"start":{"line":81,"column":2},"end":{"line":83,"column":3}},{"start":{},"end":{}}],"line":81}},"s":{"0":0,"1":0,"2":0,"3":0,"4":0,"5":0,"6":0,"7":0,"8":0,"9":0,"10":0,"11":0,"12":0,"13":0,"14":0,"15":0,"16":0,"17":0,"18":0,"19":0,"20":0,"21":0,"22":0,"23":0,"24":0,"25":0,"26":0,"27":0,"28":0,"29":0,"30":0,"31":0,"32":0,"33":0,"34":0,"35":0,"36":0,"37":0,"38":0,"39":0,"40":0,"41":0},"f":{"0":0,"1":0,"2":0,"3":0,"4":0,"5":0,"6":0},"b":{"0":[0,0],"1":[0,0],"2":[0,0],"3":[0,0],"4":[0,0],"5":[0,0],"6":[0,0]}}
,"F:\\Level 6 Software development - 2025\\TestNest_ReactNative_v2\\TestNestStudent\\src\\data\\demoQuestions.js": {"path":"F:\\Level 6 Software development - 2025\\TestNest_ReactNative_v2\\TestNestStudent\\src\\data\\demoQuestions.js","statementMap":{"0":{"start":{"line":3,"column":29},"end":{"line":94,"column":1}}},"fnMap":{},"branchMap":{},"s":{"0":0},"f":{},"b":{}}
,"F:\\Level 6 Software development - 2025\\TestNest_ReactNative_v2\\TestNestStudent\\src\\navigation\\AppStack.jsx": {"path":"F:\\Level 6 Software development - 2025\\TestNest_ReactNative_v2\\TestNestStudent\\src\\navigation\\AppStack.jsx","statementMap":{"0":{"start":{"line":12,"column":14},"end":{"line":12,"column":42}},"1":{"start":{"line":15,"column":2},"end":{"line":28,"column":4}}},"fnMap":{"0":{"name":"AppStack","decl":{"start":{"line":14,"column":24},"end":{"line":14,"column":32}},"loc":{"start":{"line":14,"column":35},"end":{"line":29,"column":1}},"line":14}},"branchMap":{},"s":{"0":0,"1":0},"f":{"0":0},"b":{}}
,"F:\\Level 6 Software development - 2025\\TestNest_ReactNative_v2\\TestNestStudent\\src\\navigation\\AuthStack.jsx": {"path":"F:\\Level 6 Software development - 2025\\TestNest_ReactNative_v2\\TestNestStudent\\src\\navigation\\AuthStack.jsx","statementMap":{"0":{"start":{"line":11,"column":14},"end":{"line":11,"column":42}},"1":{"start":{"line":14,"column":2},"end":{"line":23,"column":4}}},"fnMap":{"0":{"name":"AuthStack","decl":{"start":{"line":13,"column":24},"end":{"line":13,"column":33}},"loc":{"start":{"line":13,"column":36},"end":{"line":24,"column":1}},"line":13}},"branchMap":{},"s":{"0":0,"1":0},"f":{"0":0},"b":{}}
,"F:\\Level 6 Software development - 2025\\TestNest_ReactNative_v2\\TestNestStudent\\src\\navigation\\DrawerNavigator.jsx": {"path":"F:\\Level 6 Software development - 2025\\TestNest_ReactNative_v2\\TestNestStudent\\src\\navigation\\DrawerNavigator.jsx","statementMap":{"0":{"start":{"line":25,"column":15},"end":{"line":25,"column":38}},"1":{"start":{"line":28,"column":55},"end":{"line":28,"column":64}},"2":{"start":{"line":29,"column":25},"end":{"line":29,"column":30}},"3":{"start":{"line":31,"column":23},"end":{"line":73,"column":3}},"4":{"start":{"line":32,"column":4},"end":{"line":72,"column":6}},"5":{"start":{"line":43,"column":12},"end":{"line":68,"column":13}},"6":{"start":{"line":44,"column":14},"end":{"line":44,"column":59}},"7":{"start":{"line":46,"column":14},"end":{"line":64,"column":15}},"8":{"start":{"line":47,"column":31},"end":{"line":47,"column":46}},"9":{"start":{"line":48,"column":16},"end":{"line":56,"column":17}},"10":{"start":{"line":50,"column":18},"end":{"line":53,"column":21}},"11":{"start":{"line":55,"column":18},"end":{"line":55,"column":59}},"12":{"start":{"line":59,"column":16},"end":{"line":59,"column":37}},"13":{"start":{"line":60,"column":16},"end":{"line":63,"column":19}},"14":{"start":{"line":66,"column":14},"end":{"line":66,"column":61}},"15":{"start":{"line":67,"column":14},"end":{"line":67,"column":55}},"16":{"start":{"line":75,"column":2},"end":{"line":94,"column":4}},"17":{"start":{"line":98,"column":19},"end":{"line":98,"column":28}},"18":{"start":{"line":101,"column":25},"end":{"line":103,"column":66}},"19":{"start":{"line":105,"column":2},"end":{"line":205,"column":4}},"20":{"start":{"line":108,"column":32},"end":{"line":108,"column":66}}},"fnMap":{"0":{"name":"CustomDrawerContent","decl":{"start":{"line":27,"column":9},"end":{"line":27,"column":28}},"loc":{"start":{"line":27,"column":36},"end":{"line":95,"column":1}},"line":27},"1":{"name":"(anonymous_1)","decl":{"start":{"line":31,"column":23},"end":{"line":31,"column":24}},"loc":{"start":{"line":31,"column":29},"end":{"line":73,"column":3}},"line":31},"2":{"name":"(anonymous_2)","decl":{"start":{"line":42,"column":19},"end":{"line":42,"column":20}},"loc":{"start":{"line":42,"column":31},"end":{"line":69,"column":11}},"line":42},"3":{"name":"DrawerNavigator","decl":{"start":{"line":97,"column":24},"end":{"line":97,"column":39}},"loc":{"start":{"line":97,"column":56},"end":{"line":206,"column":1}},"line":97},"4":{"name":"(anonymous_4)","decl":{"start":{"line":108,"column":21},"end":{"line":108,"column":22}},"loc":{"start":{"line":108,"column":32},"end":{"line":108,"column":66}},"line":108}},"branchMap":{"0":{"loc":{"start":{"line":46,"column":14},"end":{"line":64,"column":15}},"type":"if","locations":[{"start":{"line":46,"column":14},"end":{"line":64,"column":15}},{"start":{"line":57,"column":21},"end":{"line":64,"column":15}}],"line":46},"1":{"loc":{"start":{"line":48,"column":16},"end":{"line":56,"column":17}},"type":"if","locations":[{"start":{"line":48,"column":16},"end":{"line":56,"column":17}},{"start":{"line":54,"column":23},"end":{"line":56,"column":17}}],"line":48},"2":{"loc":{"start":{"line":85,"column":7},"end":{"line":92,"column":7}},"type":"binary-expr","locations":[{"start":{"line":85,"column":7},"end":{"line":85,"column":17}},{"start":{"line":86,"column":8},"end":{"line":91,"column":10}}],"line":85},"3":{"loc":{"start":{"line":101,"column":25},"end":{"line":103,"column":66}},"type":"binary-expr","locations":[{"start":{"line":101,"column":25},"end":{"line":101,"column":29}},{"start":{"line":102,"column":4},"end":{"line":102,"column":32}},{"start":{"line":103,"column":5},"end":{"line":103,"column":34}},{"start":{"line":103,"column":38},"end":{"line":103,"column":65}}],"line":101},"4":{"loc":{"start":{"line":126,"column":36},"end":{"line":126,"column":109}},"type":"cond-expr","locations":[{"start":{"line":126,"column":49},"end":{"line":126,"column":78}},{"start":{"line":126,"column":81},"end":{"line":126,"column":109}}],"line":126},"5":{"loc":{"start":{"line":131,"column":36},"end":{"line":131,"column":109}},"type":"cond-expr","locations":[{"start":{"line":131,"column":49},"end":{"line":131,"column":78}},{"start":{"line":131,"column":81},"end":{"line":131,"column":109}}],"line":131},"6":{"loc":{"start":{"line":159,"column":36},"end":{"line":159,"column":109}},"type":"cond-expr","locations":[{"start":{"line":159,"column":49},"end":{"line":159,"column":77}},{"start":{"line":159,"column":80},"end":{"line":159,"column":109}}],"line":159},"7":{"loc":{"start":{"line":164,"column":36},"end":{"line":164,"column":109}},"type":"cond-expr","locations":[{"start":{"line":164,"column":49},"end":{"line":164,"column":77}},{"start":{"line":164,"column":80},"end":{"line":164,"column":109}}],"line":164},"8":{"loc":{"start":{"line":174,"column":36},"end":{"line":174,"column":109}},"type":"cond-expr","locations":[{"start":{"line":174,"column":49},"end":{"line":174,"column":77}},{"start":{"line":174,"column":80},"end":{"line":174,"column":109}}],"line":174},"9":{"loc":{"start":{"line":179,"column":36},"end":{"line":179,"column":109}},"type":"cond-expr","locations":[{"start":{"line":179,"column":49},"end":{"line":179,"column":77}},{"start":{"line":179,"column":80},"end":{"line":179,"column":109}}],"line":179},"10":{"loc":{"start":{"line":195,"column":27},"end":{"line":195,"column":104}},"type":"cond-expr","locations":[{"start":{"line":195,"column":44},"end":{"line":195,"column":72}},{"start":{"line":195,"column":75},"end":{"line":195,"column":104}}],"line":195}},"s":{"0":0,"1":0,"2":0,"3":0,"4":0,"5":0,"6":0,"7":0,"8":0,"9":0,"10":0,"11":0,"12":0,"13":0,"14":0,"15":0,"16":0,"17":0,"18":0,"19":0,"20":0},"f":{"0":0,"1":0,"2":0,"3":0,"4":0},"b":{"0":[0,0],"1":[0,0],"2":[0,0],"3":[0,0,0,0],"4":[0,0],"5":[0,0],"6":[0,0],"7":[0,0],"8":[0,0],"9":[0,0],"10":[0,0]}}
,"F:\\Level 6 Software development - 2025\\TestNest_ReactNative_v2\\TestNestStudent\\src\\navigation\\RootNavigator.jsx": {"path":"F:\\Level 6 Software development - 2025\\TestNest_ReactNative_v2\\TestNestStudent\\src\\navigation\\RootNavigator.jsx","statementMap":{"0":{"start":{"line":8,"column":25},"end":{"line":8,"column":34}},"1":{"start":{"line":10,"column":2},"end":{"line":12,"column":4}},"2":{"start":{"line":16,"column":2},"end":{"line":22,"column":4}}},"fnMap":{"0":{"name":"AppContent","decl":{"start":{"line":7,"column":9},"end":{"line":7,"column":19}},"loc":{"start":{"line":7,"column":22},"end":{"line":13,"column":1}},"line":7},"1":{"name":"RootNavigator","decl":{"start":{"line":15,"column":24},"end":{"line":15,"column":37}},"loc":{"start":{"line":15,"column":40},"end":{"line":23,"column":1}},"line":15}},"branchMap":{},"s":{"0":0,"1":0,"2":0},"f":{"0":0,"1":0},"b":{}}
,"F:\\Level 6 Software development - 2025\\TestNest_ReactNative_v2\\TestNestStudent\\src\\screens\\AboutScreen.jsx": {"path":"F:\\Level 6 Software development - 2025\\TestNest_ReactNative_v2\\TestNestStudent\\src\\screens\\AboutScreen.jsx","statementMap":{"0":{"start":{"line":9,"column":23},"end":{"line":14,"column":3}},"1":{"start":{"line":10,"column":4},"end":{"line":13,"column":11}},"2":{"start":{"line":16,"column":22},"end":{"line":21,"column":3}},"3":{"start":{"line":17,"column":4},"end":{"line":20,"column":11}},"4":{"start":{"line":23,"column":2},"end":{"line":157,"column":4}},"5":{"start":{"line":130,"column":31},"end":{"line":130,"column":59}},"6":{"start":{"line":137,"column":31},"end":{"line":137,"column":58}},"7":{"start":{"line":151,"column":25},"end":{"line":151,"column":52}},"8":{"start":{"line":160,"column":15},"end":{"line":250,"column":2}}},"fnMap":{"0":{"name":"AboutScreen","decl":{"start":{"line":8,"column":24},"end":{"line":8,"column":35}},"loc":{"start":{"line":8,"column":52},"end":{"line":158,"column":1}},"line":8},"1":{"name":"(anonymous_1)","decl":{"start":{"line":9,"column":23},"end":{"line":9,"column":24}},"loc":{"start":{"line":10,"column":4},"end":{"line":13,"column":11}},"line":10},"2":{"name":"(anonymous_2)","decl":{"start":{"line":16,"column":22},"end":{"line":16,"column":23}},"loc":{"start":{"line":17,"column":4},"end":{"line":20,"column":11}},"line":17},"3":{"name":"(anonymous_3)","decl":{"start":{"line":130,"column":25},"end":{"line":130,"column":26}},"loc":{"start":{"line":130,"column":31},"end":{"line":130,"column":59}},"line":130},"4":{"name":"(anonymous_4)","decl":{"start":{"line":137,"column":25},"end":{"line":137,"column":26}},"loc":{"start":{"line":137,"column":31},"end":{"line":137,"column":58}},"line":137},"5":{"name":"(anonymous_5)","decl":{"start":{"line":151,"column":19},"end":{"line":151,"column":20}},"loc":{"start":{"line":151,"column":25},"end":{"line":151,"column":52}},"line":151}},"branchMap":{},"s":{"0":0,"1":0,"2":0,"3":0,"4":0,"5":0,"6":0,"7":0,"8":0},"f":{"0":0,"1":0,"2":0,"3":0,"4":0,"5":0},"b":{}}
,"F:\\Level 6 Software development - 2025\\TestNest_ReactNative_v2\\TestNestStudent\\src\\screens\\ChangePasswordScreen.jsx": {"path":"F:\\Level 6 Software development - 2025\\TestNest_ReactNative_v2\\TestNestStudent\\src\\screens\\ChangePasswordScreen.jsx","statementMap":{"0":{"start":{"line":21,"column":35},"end":{"line":21,"column":44}},"1":{"start":{"line":22,"column":30},"end":{"line":22,"column":45}},"2":{"start":{"line":23,"column":34},"end":{"line":27,"column":4}},"3":{"start":{"line":28,"column":30},"end":{"line":28,"column":42}},"4":{"start":{"line":29,"column":44},"end":{"line":33,"column":4}},"5":{"start":{"line":35,"column":23},"end":{"line":60,"column":3}},"6":{"start":{"line":36,"column":22},"end":{"line":36,"column":24}},"7":{"start":{"line":38,"column":4},"end":{"line":40,"column":5}},"8":{"start":{"line":39,"column":6},"end":{"line":39,"column":65}},"9":{"start":{"line":42,"column":4},"end":{"line":46,"column":5}},"10":{"start":{"line":43,"column":6},"end":{"line":43,"column":57}},"11":{"start":{"line":44,"column":11},"end":{"line":46,"column":5}},"12":{"start":{"line":45,"column":6},"end":{"line":45,"column":75}},"13":{"start":{"line":48,"column":4},"end":{"line":52,"column":5}},"14":{"start":{"line":49,"column":6},"end":{"line":49,"column":69}},"15":{"start":{"line":50,"column":11},"end":{"line":52,"column":5}},"16":{"start":{"line":51,"column":6},"end":{"line":51,"column":59}},"17":{"start":{"line":54,"column":4},"end":{"line":56,"column":5}},"18":{"start":{"line":55,"column":6},"end":{"line":55,"column":85}},"19":{"start":{"line":58,"column":4},"end":{"line":58,"column":25}},"20":{"start":{"line":59,"column":4},"end":{"line":59,"column":47}},"21":{"start":{"line":62,"column":28},"end":{"line":75,"column":3}},"22":{"start":{"line":63,"column":4},"end":{"line":66,"column":8}},"23":{"start":{"line":63,"column":25},"end":{"line":66,"column":5}},"24":{"start":{"line":69,"column":4},"end":{"line":74,"column":5}},"25":{"start":{"line":70,"column":6},"end":{"line":73,"column":10}},"26":{"start":{"line":70,"column":25},"end":{"line":73,"column":7}},"27":{"start":{"line":77,"column":35},"end":{"line":82,"column":3}},"28":{"start":{"line":78,"column":4},"end":{"line":81,"column":8}},"29":{"start":{"line":78,"column":30},"end":{"line":81,"column":5}},"30":{"start":{"line":84,"column":21},"end":{"line":118,"column":3}},"31":{"start":{"line":85,"column":4},"end":{"line":88,"column":5}},"32":{"start":{"line":86,"column":6},"end":{"line":86,"column":77}},"33":{"start":{"line":87,"column":6},"end":{"line":87,"column":13}},"34":{"start":{"line":90,"column":4},"end":{"line":117,"column":5}},"35":{"start":{"line":91,"column":6},"end":{"line":91,"column":22}},"36":{"start":{"line":97,"column":6},"end":{"line":99,"column":7}},"37":{"start":{"line":98,"column":8},"end":{"line":98,"column":106}},"38":{"start":{"line":101,"column":6},"end":{"line":110,"column":8}},"39":{"start":{"line":107,"column":27},"end":{"line":107,"column":46}},"40":{"start":{"line":113,"column":6},"end":{"line":113,"column":57}},"41":{"start":{"line":114,"column":6},"end":{"line":114,"column":75}},"42":{"start":{"line":116,"column":6},"end":{"line":116,"column":23}},"43":{"start":{"line":120,"column":23},"end":{"line":129,"column":3}},"44":{"start":{"line":121,"column":4},"end":{"line":128,"column":6}},"45":{"start":{"line":126,"column":50},"end":{"line":126,"column":69}},"46":{"start":{"line":131,"column":2},"end":{"line":295,"column":4}},"47":{"start":{"line":159,"column":41},"end":{"line":159,"column":84}},"48":{"start":{"line":168,"column":31},"end":{"line":168,"column":66}},"49":{"start":{"line":194,"column":41},"end":{"line":194,"column":80}},"50":{"start":{"line":203,"column":31},"end":{"line":203,"column":62}},"51":{"start":{"line":229,"column":41},"end":{"line":229,"column":84}},"52":{"start":{"line":238,"column":31},"end":{"line":238,"column":66}}},"fnMap":{"0":{"name":"ChangePasswordScreen","decl":{"start":{"line":20,"column":24},"end":{"line":20,"column":44}},"loc":{"start":{"line":20,"column":61},"end":{"line":296,"column":1}},"line":20},"1":{"name":"(anonymous_1)","decl":{"start":{"line":35,"column":23},"end":{"line":35,"column":24}},"loc":{"start":{"line":35,"column":29},"end":{"line":60,"column":3}},"line":35},"2":{"name":"(anonymous_2)","decl":{"start":{"line":62,"column":28},"end":{"line":62,"column":29}},"loc":{"start":{"line":62,"column":46},"end":{"line":75,"column":3}},"line":62},"3":{"name":"(anonymous_3)","decl":{"start":{"line":63,"column":16},"end":{"line":63,"column":17}},"loc":{"start":{"line":63,"column":25},"end":{"line":66,"column":5}},"line":63},"4":{"name":"(anonymous_4)","decl":{"start":{"line":70,"column":16},"end":{"line":70,"column":17}},"loc":{"start":{"line":70,"column":25},"end":{"line":73,"column":7}},"line":70},"5":{"name":"(anonymous_5)","decl":{"start":{"line":77,"column":35},"end":{"line":77,"column":36}},"loc":{"start":{"line":77,"column":46},"end":{"line":82,"column":3}},"line":77},"6":{"name":"(anonymous_6)","decl":{"start":{"line":78,"column":21},"end":{"line":78,"column":22}},"loc":{"start":{"line":78,"column":30},"end":{"line":81,"column":5}},"line":78},"7":{"name":"(anonymous_7)","decl":{"start":{"line":84,"column":21},"end":{"line":84,"column":22}},"loc":{"start":{"line":84,"column":33},"end":{"line":118,"column":3}},"line":84},"8":{"name":"(anonymous_8)","decl":{"start":{"line":107,"column":21},"end":{"line":107,"column":22}},"loc":{"start":{"line":107,"column":27},"end":{"line":107,"column":46}},"line":107},"9":{"name":"(anonymous_9)","decl":{"start":{"line":120,"column":23},"end":{"line":120,"column":24}},"loc":{"start":{"line":120,"column":29},"end":{"line":129,"column":3}},"line":120},"10":{"name":"(anonymous_10)","decl":{"start":{"line":126,"column":44},"end":{"line":126,"column":45}},"loc":{"start":{"line":126,"column":50},"end":{"line":126,"column":69}},"line":126},"11":{"name":"(anonymous_11)","decl":{"start":{"line":159,"column":30},"end":{"line":159,"column":31}},"loc":{"start":{"line":159,"column":41},"end":{"line":159,"column":84}},"line":159},"12":{"name":"(anonymous_12)","decl":{"start":{"line":168,"column":25},"end":{"line":168,"column":26}},"loc":{"start":{"line":168,"column":31},"end":{"line":168,"column":66}},"line":168},"13":{"name":"(anonymous_13)","decl":{"start":{"line":194,"column":30},"end":{"line":194,"column":31}},"loc":{"start":{"line":194,"column":41},"end":{"line":194,"column":80}},"line":194},"14":{"name":"(anonymous_14)","decl":{"start":{"line":203,"column":25},"end":{"line":203,"column":26}},"loc":{"start":{"line":203,"column":31},"end":{"line":203,"column":62}},"line":203},"15":{"name":"(anonymous_15)","decl":{"start":{"line":229,"column":30},"end":{"line":229,"column":31}},"loc":{"start":{"line":229,"column":41},"end":{"line":229,"column":84}},"line":229},"16":{"name":"(anonymous_16)","decl":{"start":{"line":238,"column":25},"end":{"line":238,"column":26}},"loc":{"start":{"line":238,"column":31},"end":{"line":238,"column":66}},"line":238}},"branchMap":{"0":{"loc":{"start":{"line":38,"column":4},"end":{"line":40,"column":5}},"type":"if","locations":[{"start":{"line":38,"column":4},"end":{"line":40,"column":5}},{"start":{},"end":{}}],"line":38},"1":{"loc":{"start":{"line":42,"column":4},"end":{"line":46,"column":5}},"type":"if","locations":[{"start":{"line":42,"column":4},"end":{"line":46,"column":5}},{"start":{"line":44,"column":11},"end":{"line":46,"column":5}}],"line":42},"2":{"loc":{"start":{"line":44,"column":11},"end":{"line":46,"column":5}},"type":"if","locations":[{"start":{"line":44,"column":11},"end":{"line":46,"column":5}},{"start":{},"end":{}}],"line":44},"3":{"loc":{"start":{"line":48,"column":4},"end":{"line":52,"column":5}},"type":"if","locations":[{"start":{"line":48,"column":4},"end":{"line":52,"column":5}},{"start":{"line":50,"column":11},"end":{"line":52,"column":5}}],"line":48},"4":{"loc":{"start":{"line":50,"column":11},"end":{"line":52,"column":5}},"type":"if","locations":[{"start":{"line":50,"column":11},"end":{"line":52,"column":5}},{"start":{},"end":{}}],"line":50},"5":{"loc":{"start":{"line":54,"column":4},"end":{"line":56,"column":5}},"type":"if","locations":[{"start":{"line":54,"column":4},"end":{"line":56,"column":5}},{"start":{},"end":{}}],"line":54},"6":{"loc":{"start":{"line":69,"column":4},"end":{"line":74,"column":5}},"type":"if","locations":[{"start":{"line":69,"column":4},"end":{"line":74,"column":5}},{"start":{},"end":{}}],"line":69},"7":{"loc":{"start":{"line":85,"column":4},"end":{"line":88,"column":5}},"type":"if","locations":[{"start":{"line":85,"column":4},"end":{"line":88,"column":5}},{"start":{},"end":{}}],"line":85},"8":{"loc":{"start":{"line":97,"column":6},"end":{"line":99,"column":7}},"type":"if","locations":[{"start":{"line":97,"column":6},"end":{"line":99,"column":7}},{"start":{},"end":{}}],"line":97},"9":{"loc":{"start":{"line":97,"column":10},"end":{"line":97,"column":55}},"type":"binary-expr","locations":[{"start":{"line":97,"column":10},"end":{"line":97,"column":44}},{"start":{"line":97,"column":48},"end":{"line":97,"column":55}}],"line":97},"10":{"loc":{"start":{"line":134,"column":16},"end":{"line":134,"column":60}},"type":"cond-expr","locations":[{"start":{"line":134,"column":40},"end":{"line":134,"column":49}},{"start":{"line":134,"column":52},"end":{"line":134,"column":60}}],"line":134},"11":{"loc":{"start":{"line":155,"column":18},"end":{"line":155,"column":67}},"type":"binary-expr","locations":[{"start":{"line":155,"column":18},"end":{"line":155,"column":40}},{"start":{"line":155,"column":44},"end":{"line":155,"column":67}}],"line":155},"12":{"loc":{"start":{"line":171,"column":24},"end":{"line":171,"column":65}},"type":"cond-expr","locations":[{"start":{"line":171,"column":48},"end":{"line":171,"column":57}},{"start":{"line":171,"column":60},"end":{"line":171,"column":65}}],"line":171},"13":{"loc":{"start":{"line":178,"column":13},"end":{"line":180,"column":13}},"type":"binary-expr","locations":[{"start":{"line":178,"column":13},"end":{"line":178,"column":35}},{"start":{"line":179,"column":14},"end":{"line":179,"column":82}}],"line":178},"14":{"loc":{"start":{"line":190,"column":18},"end":{"line":190,"column":63}},"type":"binary-expr","locations":[{"start":{"line":190,"column":18},"end":{"line":190,"column":36}},{"start":{"line":190,"column":40},"end":{"line":190,"column":63}}],"line":190},"15":{"loc":{"start":{"line":206,"column":24},"end":{"line":206,"column":61}},"type":"cond-expr","locations":[{"start":{"line":206,"column":44},"end":{"line":206,"column":53}},{"start":{"line":206,"column":56},"end":{"line":206,"column":61}}],"line":206},"16":{"loc":{"start":{"line":213,"column":13},"end":{"line":215,"column":13}},"type":"binary-expr","locations":[{"start":{"line":213,"column":13},"end":{"line":213,"column":31}},{"start":{"line":214,"column":14},"end":{"line":214,"column":78}}],"line":213},"17":{"loc":{"start":{"line":225,"column":18},"end":{"line":225,"column":67}},"type":"binary-expr","locations":[{"start":{"line":225,"column":18},"end":{"line":225,"column":40}},{"start":{"line":225,"column":44},"end":{"line":225,"column":67}}],"line":225},"18":{"loc":{"start":{"line":241,"column":24},"end":{"line":241,"column":65}},"type":"cond-expr","locations":[{"start":{"line":241,"column":48},"end":{"line":241,"column":57}},{"start":{"line":241,"column":60},"end":{"line":241,"column":65}}],"line":241},"19":{"loc":{"start":{"line":248,"column":13},"end":{"line":250,"column":13}},"type":"binary-expr","locations":[{"start":{"line":248,"column":13},"end":{"line":248,"column":35}},{"start":{"line":249,"column":14},"end":{"line":249,"column":82}}],"line":248},"20":{"loc":{"start":{"line":267,"column":14},"end":{"line":267,"column":51}},"type":"binary-expr","locations":[{"start":{"line":267,"column":14},"end":{"line":267,"column":20}},{"start":{"line":267,"column":24},"end":{"line":267,"column":51}}],"line":267},"21":{"loc":{"start":{"line":273,"column":13},"end":{"line":280,"column":13}},"type":"cond-expr","locations":[{"start":{"line":274,"column":14},"end":{"line":277,"column":21}},{"start":{"line":279,"column":14},"end":{"line":279,"column":84}}],"line":273}},"s":{"0":0,"1":0,"2":0,"3":0,"4":0,"5":0,"6":0,"7":0,"8":0,"9":0,"10":0,"11":0,"12":0,"13":0,"14":0,"15":0,"16":0,"17":0,"18":0,"19":0,"20":0,"21":0,"22":0,"23":0,"24":0,"25":0,"26":0,"27":0,"28":0,"29":0,"30":0,"31":0,"32":0,"33":0,"34":0,"35":0,"36":0,"37":0,"38":0,"39":0,"40":0,"41":0,"42":0,"43":0,"44":0,"45":0,"46":0,"47":0,"48":0,"49":0,"50":0,"51":0,"52":0},"f":{"0":0,"1":0,"2":0,"3":0,"4":0,"5":0,"6":0,"7":0,"8":0,"9":0,"10":0,"11":0,"12":0,"13":0,"14":0,"15":0,"16":0},"b":{"0":[0,0],"1":[0,0],"2":[0,0],"3":[0,0],"4":[0,0],"5":[0,0],"6":[0,0],"7":[0,0],"8":[0,0],"9":[0,0],"10":[0,0],"11":[0,0],"12":[0,0],"13":[0,0],"14":[0,0],"15":[0,0],"16":[0,0],"17":[0,0],"18":[0,0],"19":[0,0],"20":[0,0],"21":[0,0]}}
,"F:\\Level 6 Software development - 2025\\TestNest_ReactNative_v2\\TestNestStudent\\src\\screens\\DashboardScreen.jsx": {"path":"F:\\Level 6 Software development - 2025\\TestNest_ReactNative_v2\\TestNestStudent\\src\\screens\\DashboardScreen.jsx","statementMap":{"0":{"start":{"line":10,"column":28},"end":{"line":10,"column":37}},"1":{"start":{"line":12,"column":23},"end":{"line":31,"column":3}},"2":{"start":{"line":13,"column":4},"end":{"line":30,"column":6}},"3":{"start":{"line":21,"column":27},"end":{"line":21,"column":42}},"4":{"start":{"line":22,"column":12},"end":{"line":26,"column":13}},"5":{"start":{"line":23,"column":14},"end":{"line":23,"column":42}},"6":{"start":{"line":25,"column":14},"end":{"line":25,"column":55}},"7":{"start":{"line":33,"column":29},"end":{"line":35,"column":3}},"8":{"start":{"line":34,"column":4},"end":{"line":34,"column":60}},"9":{"start":{"line":37,"column":20},"end":{"line":59,"column":3}},"10":{"start":{"line":42,"column":21},"end":{"line":42,"column":50}},"11":{"start":{"line":49,"column":21},"end":{"line":49,"column":51}},"12":{"start":{"line":56,"column":21},"end":{"line":56,"column":50}},"13":{"start":{"line":61,"column":2},"end":{"line":121,"column":4}},"14":{"start":{"line":98,"column":12},"end":{"line":114,"column":31}}},"fnMap":{"0":{"name":"DashboardScreen","decl":{"start":{"line":9,"column":24},"end":{"line":9,"column":39}},"loc":{"start":{"line":9,"column":56},"end":{"line":122,"column":1}},"line":9},"1":{"name":"(anonymous_1)","decl":{"start":{"line":12,"column":23},"end":{"line":12,"column":24}},"loc":{"start":{"line":12,"column":35},"end":{"line":31,"column":3}},"line":12},"2":{"name":"(anonymous_2)","decl":{"start":{"line":20,"column":19},"end":{"line":20,"column":20}},"loc":{"start":{"line":20,"column":31},"end":{"line":27,"column":11}},"line":20},"3":{"name":"(anonymous_3)","decl":{"start":{"line":33,"column":29},"end":{"line":33,"column":30}},"loc":{"start":{"line":33,"column":45},"end":{"line":35,"column":3}},"line":33},"4":{"name":"(anonymous_4)","decl":{"start":{"line":42,"column":15},"end":{"line":42,"column":16}},"loc":{"start":{"line":42,"column":21},"end":{"line":42,"column":50}},"line":42},"5":{"name":"(anonymous_5)","decl":{"start":{"line":49,"column":15},"end":{"line":49,"column":16}},"loc":{"start":{"line":49,"column":21},"end":{"line":49,"column":51}},"line":49},"6":{"name":"(anonymous_6)","decl":{"start":{"line":56,"column":15},"end":{"line":56,"column":16}},"loc":{"start":{"line":56,"column":21},"end":{"line":56,"column":50}},"line":56},"7":{"name":"(anonymous_7)","decl":{"start":{"line":97,"column":25},"end":{"line":97,"column":26}},"loc":{"start":{"line":98,"column":12},"end":{"line":114,"column":31}},"line":98}},"branchMap":{"0":{"loc":{"start":{"line":22,"column":12},"end":{"line":26,"column":13}},"type":"if","locations":[{"start":{"line":22,"column":12},"end":{"line":26,"column":13}},{"start":{"line":24,"column":19},"end":{"line":26,"column":13}}],"line":22},"1":{"loc":{"start":{"line":73,"column":58},"end":{"line":73,"column":86}},"type":"binary-expr","locations":[{"start":{"line":73,"column":58},"end":{"line":73,"column":73}},{"start":{"line":73,"column":77},"end":{"line":73,"column":86}}],"line":73}},"s":{"0":2,"1":2,"2":0,"3":0,"4":0,"5":0,"6":0,"7":2,"8":1,"9":2,"10":1,"11":0,"12":0,"13":2,"14":6},"f":{"0":2,"1":0,"2":0,"3":1,"4":1,"5":0,"6":0,"7":6},"b":{"0":[0,0],"1":[2,2]},"_coverageSchema":"1a1c01bbd47fc00a2c39e90264f33305004495a9","hash":"251e326c960ec95f23e769e0a76688452494a192"}
,"F:\\Level 6 Software development - 2025\\TestNest_ReactNative_v2\\TestNestStudent\\src\\screens\\DemoResultsScreen.jsx": {"path":"F:\\Level 6 Software development - 2025\\TestNest_ReactNative_v2\\TestNestStudent\\src\\screens\\DemoResultsScreen.jsx","statementMap":{"0":{"start":{"line":9,"column":58},"end":{"line":9,"column":70}},"1":{"start":{"line":10,"column":21},"end":{"line":10,"column":54}},"2":{"start":{"line":13,"column":21},"end":{"line":17,"column":3}},"3":{"start":{"line":14,"column":17},"end":{"line":14,"column":41}},"4":{"start":{"line":15,"column":17},"end":{"line":15,"column":29}},"5":{"start":{"line":16,"column":4},"end":{"line":16,"column":57}},"6":{"start":{"line":20,"column":25},"end":{"line":20,"column":99}},"7":{"start":{"line":22,"column":32},"end":{"line":27,"column":3}},"8":{"start":{"line":23,"column":4},"end":{"line":23,"column":54}},"9":{"start":{"line":23,"column":26},"end":{"line":23,"column":54}},"10":{"start":{"line":24,"column":4},"end":{"line":24,"column":48}},"11":{"start":{"line":24,"column":26},"end":{"line":24,"column":48}},"12":{"start":{"line":25,"column":4},"end":{"line":25,"column":55}},"13":{"start":{"line":25,"column":26},"end":{"line":25,"column":55}},"14":{"start":{"line":26,"column":4},"end":{"line":26,"column":31}},"15":{"start":{"line":29,"column":25},"end":{"line":33,"column":3}},"16":{"start":{"line":30,"column":4},"end":{"line":30,"column":64}},"17":{"start":{"line":30,"column":30},"end":{"line":30,"column":64}},"18":{"start":{"line":31,"column":4},"end":{"line":31,"column":54}},"19":{"start":{"line":31,"column":30},"end":{"line":31,"column":54}},"20":{"start":{"line":32,"column":4},"end":{"line":32,"column":51}},"21":{"start":{"line":35,"column":2},"end":{"line":95,"column":4}},"22":{"start":{"line":83,"column":23},"end":{"line":83,"column":50}},"23":{"start":{"line":90,"column":23},"end":{"line":90,"column":54}},"24":{"start":{"line":98,"column":15},"end":{"line":117,"column":1}}},"fnMap":{"0":{"name":"ResultsScreen","decl":{"start":{"line":8,"column":24},"end":{"line":8,"column":37}},"loc":{"start":{"line":8,"column":61},"end":{"line":96,"column":1}},"line":8},"1":{"name":"(anonymous_1)","decl":{"start":{"line":13,"column":21},"end":{"line":13,"column":22}},"loc":{"start":{"line":13,"column":34},"end":{"line":17,"column":3}},"line":13},"2":{"name":"(anonymous_2)","decl":{"start":{"line":22,"column":32},"end":{"line":22,"column":33}},"loc":{"start":{"line":22,"column":38},"end":{"line":27,"column":3}},"line":22},"3":{"name":"(anonymous_3)","decl":{"start":{"line":29,"column":25},"end":{"line":29,"column":26}},"loc":{"start":{"line":29,"column":31},"end":{"line":33,"column":3}},"line":29},"4":{"name":"(anonymous_4)","decl":{"start":{"line":83,"column":17},"end":{"line":83,"column":18}},"loc":{"start":{"line":83,"column":23},"end":{"line":83,"column":50}},"line":83},"5":{"name":"(anonymous_5)","decl":{"start":{"line":90,"column":17},"end":{"line":90,"column":18}},"loc":{"start":{"line":90,"column":23},"end":{"line":90,"column":54}},"line":90}},"branchMap":{"0":{"loc":{"start":{"line":9,"column":24},"end":{"line":9,"column":36}},"type":"default-arg","locations":[{"start":{"line":9,"column":35},"end":{"line":9,"column":36}}],"line":9},"1":{"loc":{"start":{"line":9,"column":38},"end":{"line":9,"column":53}},"type":"default-arg","locations":[{"start":{"line":9,"column":50},"end":{"line":9,"column":53}}],"line":9},"2":{"loc":{"start":{"line":20,"column":25},"end":{"line":20,"column":99}},"type":"cond-expr","locations":[{"start":{"line":20,"column":41},"end":{"line":20,"column":95}},{"start":{"line":20,"column":98},"end":{"line":20,"column":99}}],"line":20},"3":{"loc":{"start":{"line":23,"column":4},"end":{"line":23,"column":54}},"type":"if","locations":[{"start":{"line":23,"column":4},"end":{"line":23,"column":54}},{"start":{},"end":{}}],"line":23},"4":{"loc":{"start":{"line":24,"column":4},"end":{"line":24,"column":48}},"type":"if","locations":[{"start":{"line":24,"column":4},"end":{"line":24,"column":48}},{"start":{},"end":{}}],"line":24},"5":{"loc":{"start":{"line":25,"column":4},"end":{"line":25,"column":55}},"type":"if","locations":[{"start":{"line":25,"column":4},"end":{"line":25,"column":55}},{"start":{},"end":{}}],"line":25},"6":{"loc":{"start":{"line":30,"column":4},"end":{"line":30,"column":64}},"type":"if","locations":[{"start":{"line":30,"column":4},"end":{"line":30,"column":64}},{"start":{},"end":{}}],"line":30},"7":{"loc":{"start":{"line":31,"column":4},"end":{"line":31,"column":54}},"type":"if","locations":[{"start":{"line":31,"column":4},"end":{"line":31,"column":54}},{"start":{},"end":{}}],"line":31}},"s":{"0":0,"1":0,"2":0,"3":0,"4":0,"5":0,"6":0,"7":0,"8":0,"9":0,"10":0,"11":0,"12":0,"13":0,"14":0,"15":0,"16":0,"17":0,"18":0,"19":0,"20":0,"21":0,"22":0,"23":0,"24":0},"f":{"0":0,"1":0,"2":0,"3":0,"4":0,"5":0},"b":{"0":[0],"1":[0],"2":[0,0],"3":[0,0],"4":[0,0],"5":[0,0],"6":[0,0],"7":[0,0]}}
,"F:\\Level 6 Software development - 2025\\TestNest_ReactNative_v2\\TestNestStudent\\src\\screens\\DemoTestScreen.jsx": {"path":"F:\\Level 6 Software development - 2025\\TestNest_ReactNative_v2\\TestNestStudent\\src\\screens\\DemoTestScreen.jsx","statementMap":{"0":{"start":{"line":10,"column":58},"end":{"line":10,"column":69}},"1":{"start":{"line":11,"column":46},"end":{"line":11,"column":60}},"2":{"start":{"line":12,"column":32},"end":{"line":12,"column":44}},"3":{"start":{"line":13,"column":44},"end":{"line":13,"column":57}},"4":{"start":{"line":14,"column":44},"end":{"line":14,"column":59}},"5":{"start":{"line":16,"column":19},"end":{"line":16,"column":54}},"6":{"start":{"line":17,"column":20},"end":{"line":17,"column":23}},"7":{"start":{"line":20,"column":2},"end":{"line":34,"column":22}},"8":{"start":{"line":21,"column":4},"end":{"line":24,"column":5}},"9":{"start":{"line":22,"column":6},"end":{"line":22,"column":21}},"10":{"start":{"line":23,"column":6},"end":{"line":23,"column":13}},"11":{"start":{"line":27,"column":4},"end":{"line":27,"column":43}},"12":{"start":{"line":29,"column":18},"end":{"line":31,"column":12}},"13":{"start":{"line":30,"column":6},"end":{"line":30,"column":41}},"14":{"start":{"line":30,"column":31},"end":{"line":30,"column":39}},"15":{"start":{"line":33,"column":4},"end":{"line":33,"column":38}},"16":{"start":{"line":33,"column":17},"end":{"line":33,"column":37}},"17":{"start":{"line":36,"column":23},"end":{"line":42,"column":3}},"18":{"start":{"line":37,"column":4},"end":{"line":41,"column":6}},"19":{"start":{"line":44,"column":21},"end":{"line":58,"column":3}},"20":{"start":{"line":45,"column":16},"end":{"line":45,"column":17}},"21":{"start":{"line":46,"column":4},"end":{"line":50,"column":7}},"22":{"start":{"line":47,"column":6},"end":{"line":49,"column":7}},"23":{"start":{"line":48,"column":8},"end":{"line":48,"column":16}},"24":{"start":{"line":52,"column":4},"end":{"line":57,"column":7}},"25":{"start":{"line":60,"column":21},"end":{"line":73,"column":3}},"26":{"start":{"line":61,"column":4},"end":{"line":61,"column":40}},"27":{"start":{"line":61,"column":33},"end":{"line":61,"column":40}},"28":{"start":{"line":63,"column":27},"end":{"line":63,"column":39}},"29":{"start":{"line":64,"column":4},"end":{"line":64,"column":58}},"30":{"start":{"line":65,"column":4},"end":{"line":65,"column":31}},"31":{"start":{"line":67,"column":4},"end":{"line":72,"column":5}},"32":{"start":{"line":68,"column":6},"end":{"line":68,"column":56}},"33":{"start":{"line":69,"column":6},"end":{"line":69,"column":74}},"34":{"start":{"line":71,"column":6},"end":{"line":71,"column":19}},"35":{"start":{"line":76,"column":21},"end":{"line":80,"column":3}},"36":{"start":{"line":77,"column":17},"end":{"line":77,"column":41}},"37":{"start":{"line":78,"column":17},"end":{"line":78,"column":29}},"38":{"start":{"line":79,"column":4},"end":{"line":79,"column":57}},"39":{"start":{"line":83,"column":29},"end":{"line":83,"column":62}},"40":{"start":{"line":85,"column":2},"end":{"line":173,"column":4}},"41":{"start":{"line":132,"column":33},"end":{"line":132,"column":57}},"42":{"start":{"line":134,"column":14},"end":{"line":151,"column":16}},"43":{"start":{"line":145,"column":33},"end":{"line":145,"column":57}},"44":{"start":{"line":176,"column":15},"end":{"line":234,"column":1}}},"fnMap":{"0":{"name":"DemoTestScreen","decl":{"start":{"line":9,"column":24},"end":{"line":9,"column":38}},"loc":{"start":{"line":9,"column":55},"end":{"line":174,"column":1}},"line":9},"1":{"name":"(anonymous_1)","decl":{"start":{"line":20,"column":12},"end":{"line":20,"column":13}},"loc":{"start":{"line":20,"column":18},"end":{"line":34,"column":3}},"line":20},"2":{"name":"(anonymous_2)","decl":{"start":{"line":29,"column":30},"end":{"line":29,"column":31}},"loc":{"start":{"line":29,"column":36},"end":{"line":31,"column":5}},"line":29},"3":{"name":"(anonymous_3)","decl":{"start":{"line":30,"column":23},"end":{"line":30,"column":24}},"loc":{"start":{"line":30,"column":31},"end":{"line":30,"column":39}},"line":30},"4":{"name":"(anonymous_4)","decl":{"start":{"line":33,"column":11},"end":{"line":33,"column":12}},"loc":{"start":{"line":33,"column":17},"end":{"line":33,"column":37}},"line":33},"5":{"name":"(anonymous_5)","decl":{"start":{"line":36,"column":23},"end":{"line":36,"column":24}},"loc":{"start":{"line":36,"column":29},"end":{"line":42,"column":3}},"line":36},"6":{"name":"(anonymous_6)","decl":{"start":{"line":44,"column":21},"end":{"line":44,"column":22}},"loc":{"start":{"line":44,"column":27},"end":{"line":58,"column":3}},"line":44},"7":{"name":"(anonymous_7)","decl":{"start":{"line":46,"column":20},"end":{"line":46,"column":21}},"loc":{"start":{"line":46,"column":32},"end":{"line":50,"column":5}},"line":46},"8":{"name":"(anonymous_8)","decl":{"start":{"line":60,"column":21},"end":{"line":60,"column":22}},"loc":{"start":{"line":60,"column":27},"end":{"line":73,"column":3}},"line":60},"9":{"name":"(anonymous_9)","decl":{"start":{"line":76,"column":21},"end":{"line":76,"column":22}},"loc":{"start":{"line":76,"column":34},"end":{"line":80,"column":3}},"line":76},"10":{"name":"(anonymous_10)","decl":{"start":{"line":131,"column":34},"end":{"line":131,"column":35}},"loc":{"start":{"line":131,"column":53},"end":{"line":152,"column":13}},"line":131},"11":{"name":"(anonymous_11)","decl":{"start":{"line":145,"column":27},"end":{"line":145,"column":28}},"loc":{"start":{"line":145,"column":33},"end":{"line":145,"column":57}},"line":145}},"branchMap":{"0":{"loc":{"start":{"line":21,"column":4},"end":{"line":24,"column":5}},"type":"if","locations":[{"start":{"line":21,"column":4},"end":{"line":24,"column":5}},{"start":{},"end":{}}],"line":21},"1":{"loc":{"start":{"line":47,"column":6},"end":{"line":49,"column":7}},"type":"if","locations":[{"start":{"line":47,"column":6},"end":{"line":49,"column":7}},{"start":{},"end":{}}],"line":47},"2":{"loc":{"start":{"line":61,"column":4},"end":{"line":61,"column":40}},"type":"if","locations":[{"start":{"line":61,"column":4},"end":{"line":61,"column":40}},{"start":{},"end":{}}],"line":61},"3":{"loc":{"start":{"line":67,"column":4},"end":{"line":72,"column":5}},"type":"if","locations":[{"start":{"line":67,"column":4},"end":{"line":72,"column":5}},{"start":{"line":70,"column":11},"end":{"line":72,"column":5}}],"line":67},"4":{"loc":{"start":{"line":69,"column":24},"end":{"line":69,"column":72}},"type":"binary-expr","locations":[{"start":{"line":69,"column":24},"end":{"line":69,"column":64}},{"start":{"line":69,"column":68},"end":{"line":69,"column":72}}],"line":69},"5":{"loc":{"start":{"line":96,"column":31},"end":{"line":96,"column":73}},"type":"cond-expr","locations":[{"start":{"line":96,"column":47},"end":{"line":96,"column":56}},{"start":{"line":96,"column":59},"end":{"line":96,"column":73}}],"line":96},"6":{"loc":{"start":{"line":100,"column":27},"end":{"line":100,"column":69}},"type":"cond-expr","locations":[{"start":{"line":100,"column":43},"end":{"line":100,"column":52}},{"start":{"line":100,"column":55},"end":{"line":100,"column":69}}],"line":100},"7":{"loc":{"start":{"line":105,"column":19},"end":{"line":105,"column":59}},"type":"cond-expr","locations":[{"start":{"line":105,"column":35},"end":{"line":105,"column":45}},{"start":{"line":105,"column":48},"end":{"line":105,"column":59}}],"line":105},"8":{"loc":{"start":{"line":115,"column":37},"end":{"line":115,"column":78}},"type":"cond-expr","locations":[{"start":{"line":115,"column":53},"end":{"line":115,"column":62}},{"start":{"line":115,"column":65},"end":{"line":115,"column":78}}],"line":115},"9":{"loc":{"start":{"line":141,"column":35},"end":{"line":141,"column":78}},"type":"cond-expr","locations":[{"start":{"line":141,"column":48},"end":{"line":141,"column":62}},{"start":{"line":141,"column":65},"end":{"line":141,"column":78}}],"line":141},"10":{"loc":{"start":{"line":142,"column":35},"end":{"line":142,"column":53}},"type":"cond-expr","locations":[{"start":{"line":142,"column":48},"end":{"line":142,"column":49}},{"start":{"line":142,"column":52},"end":{"line":142,"column":53}}],"line":142},"11":{"loc":{"start":{"line":160,"column":33},"end":{"line":160,"column":82}},"type":"cond-expr","locations":[{"start":{"line":160,"column":59},"end":{"line":160,"column":65}},{"start":{"line":160,"column":68},"end":{"line":160,"column":82}}],"line":160},"12":{"loc":{"start":{"line":167,"column":15},"end":{"line":167,"column":96}},"type":"cond-expr","locations":[{"start":{"line":167,"column":65},"end":{"line":167,"column":80}},{"start":{"line":167,"column":83},"end":{"line":167,"column":96}}],"line":167}},"s":{"0":0,"1":0,"2":0,"3":0,"4":0,"5":0,"6":0,"7":0,"8":0,"9":0,"10":0,"11":0,"12":0,"13":0,"14":0,"15":0,"16":0,"17":0,"18":0,"19":0,"20":0,"21":0,"22":0,"23":0,"24":0,"25":0,"26":0,"27":0,"28":0,"29":0,"30":0,"31":0,"32":0,"33":0,"34":0,"35":0,"36":0,"37":0,"38":0,"39":0,"40":0,"41":0,"42":0,"43":0,"44":0},"f":{"0":0,"1":0,"2":0,"3":0,"4":0,"5":0,"6":0,"7":0,"8":0,"9":0,"10":0,"11":0},"b":{"0":[0,0],"1":[0,0],"2":[0,0],"3":[0,0],"4":[0,0],"5":[0,0],"6":[0,0],"7":[0,0],"8":[0,0],"9":[0,0],"10":[0,0],"11":[0,0],"12":[0,0]}}
,"F:\\Level 6 Software development - 2025\\TestNest_ReactNative_v2\\TestNestStudent\\src\\screens\\EditProfileScreen.jsx": {"path":"F:\\Level 6 Software development - 2025\\TestNest_ReactNative_v2\\TestNestStudent\\src\\screens\\EditProfileScreen.jsx","statementMap":{"0":{"start":{"line":22,"column":35},"end":{"line":22,"column":44}},"1":{"start":{"line":23,"column":32},"end":{"line":23,"column":47}},"2":{"start":{"line":24,"column":30},"end":{"line":24,"column":45}},"3":{"start":{"line":25,"column":34},"end":{"line":30,"column":4}},"4":{"start":{"line":31,"column":30},"end":{"line":31,"column":42}},"5":{"start":{"line":33,"column":2},"end":{"line":35,"column":9}},"6":{"start":{"line":34,"column":4},"end":{"line":34,"column":19}},"7":{"start":{"line":37,"column":23},"end":{"line":63,"column":3}},"8":{"start":{"line":38,"column":4},"end":{"line":62,"column":5}},"9":{"start":{"line":39,"column":6},"end":{"line":39,"column":23}},"10":{"start":{"line":41,"column":21},"end":{"line":41,"column":25}},"11":{"start":{"line":44,"column":6},"end":{"line":49,"column":7}},"12":{"start":{"line":45,"column":26},"end":{"line":45,"column":82}},"13":{"start":{"line":46,"column":8},"end":{"line":48,"column":9}},"14":{"start":{"line":47,"column":10},"end":{"line":47,"column":31}},"15":{"start":{"line":51,"column":6},"end":{"line":56,"column":9}},"16":{"start":{"line":58,"column":6},"end":{"line":58,"column":57}},"17":{"start":{"line":59,"column":6},"end":{"line":59,"column":58}},"18":{"start":{"line":61,"column":6},"end":{"line":61,"column":24}},"19":{"start":{"line":65,"column":23},"end":{"line":88,"column":3}},"20":{"start":{"line":66,"column":22},"end":{"line":66,"column":24}},"21":{"start":{"line":68,"column":4},"end":{"line":70,"column":5}},"22":{"start":{"line":69,"column":6},"end":{"line":69,"column":53}},"23":{"start":{"line":72,"column":4},"end":{"line":74,"column":5}},"24":{"start":{"line":73,"column":6},"end":{"line":73,"column":51}},"25":{"start":{"line":76,"column":4},"end":{"line":80,"column":5}},"26":{"start":{"line":77,"column":6},"end":{"line":77,"column":50}},"27":{"start":{"line":78,"column":11},"end":{"line":80,"column":5}},"28":{"start":{"line":79,"column":6},"end":{"line":79,"column":68}},"29":{"start":{"line":82,"column":4},"end":{"line":84,"column":5}},"30":{"start":{"line":83,"column":6},"end":{"line":83,"column":53}},"31":{"start":{"line":86,"column":4},"end":{"line":86,"column":25}},"32":{"start":{"line":87,"column":4},"end":{"line":87,"column":47}},"33":{"start":{"line":90,"column":28},"end":{"line":103,"column":3}},"34":{"start":{"line":91,"column":4},"end":{"line":94,"column":8}},"35":{"start":{"line":91,"column":25},"end":{"line":94,"column":5}},"36":{"start":{"line":97,"column":4},"end":{"line":102,"column":5}},"37":{"start":{"line":98,"column":6},"end":{"line":101,"column":10}},"38":{"start":{"line":98,"column":25},"end":{"line":101,"column":7}},"39":{"start":{"line":105,"column":21},"end":{"line":146,"column":3}},"40":{"start":{"line":106,"column":4},"end":{"line":109,"column":5}},"41":{"start":{"line":107,"column":6},"end":{"line":107,"column":77}},"42":{"start":{"line":108,"column":6},"end":{"line":108,"column":13}},"43":{"start":{"line":111,"column":4},"end":{"line":145,"column":5}},"44":{"start":{"line":112,"column":6},"end":{"line":112,"column":22}},"45":{"start":{"line":114,"column":26},"end":{"line":117,"column":7}},"46":{"start":{"line":120,"column":6},"end":{"line":122,"column":7}},"47":{"start":{"line":121,"column":8},"end":{"line":121,"column":63}},"48":{"start":{"line":125,"column":6},"end":{"line":127,"column":7}},"49":{"start":{"line":126,"column":8},"end":{"line":126,"column":42}},"50":{"start":{"line":129,"column":6},"end":{"line":138,"column":8}},"51":{"start":{"line":135,"column":27},"end":{"line":135,"column":46}},"52":{"start":{"line":141,"column":6},"end":{"line":141,"column":54}},"53":{"start":{"line":142,"column":6},"end":{"line":142,"column":74}},"54":{"start":{"line":144,"column":6},"end":{"line":144,"column":23}},"55":{"start":{"line":148,"column":23},"end":{"line":157,"column":3}},"56":{"start":{"line":149,"column":4},"end":{"line":156,"column":6}},"57":{"start":{"line":154,"column":50},"end":{"line":154,"column":69}},"58":{"start":{"line":159,"column":2},"end":{"line":166,"column":3}},"59":{"start":{"line":160,"column":4},"end":{"line":165,"column":6}},"60":{"start":{"line":168,"column":2},"end":{"line":305,"column":4}},"61":{"start":{"line":195,"column":41},"end":{"line":195,"column":78}},"62":{"start":{"line":216,"column":41},"end":{"line":216,"column":77}},"63":{"start":{"line":237,"column":41},"end":{"line":237,"column":77}},"64":{"start":{"line":259,"column":41},"end":{"line":259,"column":78}}},"fnMap":{"0":{"name":"EditProfileScreen","decl":{"start":{"line":21,"column":24},"end":{"line":21,"column":41}},"loc":{"start":{"line":21,"column":58},"end":{"line":306,"column":1}},"line":21},"1":{"name":"(anonymous_1)","decl":{"start":{"line":33,"column":12},"end":{"line":33,"column":13}},"loc":{"start":{"line":33,"column":18},"end":{"line":35,"column":3}},"line":33},"2":{"name":"(anonymous_2)","decl":{"start":{"line":37,"column":23},"end":{"line":37,"column":24}},"loc":{"start":{"line":37,"column":35},"end":{"line":63,"column":3}},"line":37},"3":{"name":"(anonymous_3)","decl":{"start":{"line":65,"column":23},"end":{"line":65,"column":24}},"loc":{"start":{"line":65,"column":29},"end":{"line":88,"column":3}},"line":65},"4":{"name":"(anonymous_4)","decl":{"start":{"line":90,"column":28},"end":{"line":90,"column":29}},"loc":{"start":{"line":90,"column":46},"end":{"line":103,"column":3}},"line":90},"5":{"name":"(anonymous_5)","decl":{"start":{"line":91,"column":16},"end":{"line":91,"column":17}},"loc":{"start":{"line":91,"column":25},"end":{"line":94,"column":5}},"line":91},"6":{"name":"(anonymous_6)","decl":{"start":{"line":98,"column":16},"end":{"line":98,"column":17}},"loc":{"start":{"line":98,"column":25},"end":{"line":101,"column":7}},"line":98},"7":{"name":"(anonymous_7)","decl":{"start":{"line":105,"column":21},"end":{"line":105,"column":22}},"loc":{"start":{"line":105,"column":33},"end":{"line":146,"column":3}},"line":105},"8":{"name":"(anonymous_8)","decl":{"start":{"line":135,"column":21},"end":{"line":135,"column":22}},"loc":{"start":{"line":135,"column":27},"end":{"line":135,"column":46}},"line":135},"9":{"name":"(anonymous_9)","decl":{"start":{"line":148,"column":23},"end":{"line":148,"column":24}},"loc":{"start":{"line":148,"column":29},"end":{"line":157,"column":3}},"line":148},"10":{"name":"(anonymous_10)","decl":{"start":{"line":154,"column":44},"end":{"line":154,"column":45}},"loc":{"start":{"line":154,"column":50},"end":{"line":154,"column":69}},"line":154},"11":{"name":"(anonymous_11)","decl":{"start":{"line":195,"column":30},"end":{"line":195,"column":31}},"loc":{"start":{"line":195,"column":41},"end":{"line":195,"column":78}},"line":195},"12":{"name":"(anonymous_12)","decl":{"start":{"line":216,"column":30},"end":{"line":216,"column":31}},"loc":{"start":{"line":216,"column":41},"end":{"line":216,"column":77}},"line":216},"13":{"name":"(anonymous_13)","decl":{"start":{"line":237,"column":30},"end":{"line":237,"column":31}},"loc":{"start":{"line":237,"column":41},"end":{"line":237,"column":77}},"line":237},"14":{"name":"(anonymous_14)","decl":{"start":{"line":259,"column":30},"end":{"line":259,"column":31}},"loc":{"start":{"line":259,"column":41},"end":{"line":259,"column":78}},"line":259}},"branchMap":{"0":{"loc":{"start":{"line":44,"column":6},"end":{"line":49,"column":7}},"type":"if","locations":[{"start":{"line":44,"column":6},"end":{"line":49,"column":7}},{"start":{},"end":{}}],"line":44},"1":{"loc":{"start":{"line":44,"column":10},"end":{"line":44,"column":63}},"type":"binary-expr","locations":[{"start":{"line":44,"column":10},"end":{"line":44,"column":25}},{"start":{"line":44,"column":29},"end":{"line":44,"column":63}}],"line":44},"2":{"loc":{"start":{"line":46,"column":8},"end":{"line":48,"column":9}},"type":"if","locations":[{"start":{"line":46,"column":8},"end":{"line":48,"column":9}},{"start":{},"end":{}}],"line":46},"3":{"loc":{"start":{"line":52,"column":19},"end":{"line":52,"column":43}},"type":"binary-expr","locations":[{"start":{"line":52,"column":19},"end":{"line":52,"column":37}},{"start":{"line":52,"column":41},"end":{"line":52,"column":43}}],"line":52},"4":{"loc":{"start":{"line":53,"column":18},"end":{"line":53,"column":41}},"type":"binary-expr","locations":[{"start":{"line":53,"column":18},"end":{"line":53,"column":35}},{"start":{"line":53,"column":39},"end":{"line":53,"column":41}}],"line":53},"5":{"loc":{"start":{"line":54,"column":18},"end":{"line":54,"column":41}},"type":"binary-expr","locations":[{"start":{"line":54,"column":18},"end":{"line":54,"column":35}},{"start":{"line":54,"column":39},"end":{"line":54,"column":41}}],"line":54},"6":{"loc":{"start":{"line":55,"column":19},"end":{"line":55,"column":43}},"type":"binary-expr","locations":[{"start":{"line":55,"column":19},"end":{"line":55,"column":37}},{"start":{"line":55,"column":41},"end":{"line":55,"column":43}}],"line":55},"7":{"loc":{"start":{"line":68,"column":4},"end":{"line":70,"column":5}},"type":"if","locations":[{"start":{"line":68,"column":4},"end":{"line":70,"column":5}},{"start":{},"end":{}}],"line":68},"8":{"loc":{"start":{"line":72,"column":4},"end":{"line":74,"column":5}},"type":"if","locations":[{"start":{"line":72,"column":4},"end":{"line":74,"column":5}},{"start":{},"end":{}}],"line":72},"9":{"loc":{"start":{"line":76,"column":4},"end":{"line":80,"column":5}},"type":"if","locations":[{"start":{"line":76,"column":4},"end":{"line":80,"column":5}},{"start":{"line":78,"column":11},"end":{"line":80,"column":5}}],"line":76},"10":{"loc":{"start":{"line":78,"column":11},"end":{"line":80,"column":5}},"type":"if","locations":[{"start":{"line":78,"column":11},"end":{"line":80,"column":5}},{"start":{},"end":{}}],"line":78},"11":{"loc":{"start":{"line":82,"column":4},"end":{"line":84,"column":5}},"type":"if","locations":[{"start":{"line":82,"column":4},"end":{"line":84,"column":5}},{"start":{},"end":{}}],"line":82},"12":{"loc":{"start":{"line":97,"column":4},"end":{"line":102,"column":5}},"type":"if","locations":[{"start":{"line":97,"column":4},"end":{"line":102,"column":5}},{"start":{},"end":{}}],"line":97},"13":{"loc":{"start":{"line":106,"column":4},"end":{"line":109,"column":5}},"type":"if","locations":[{"start":{"line":106,"column":4},"end":{"line":109,"column":5}},{"start":{},"end":{}}],"line":106},"14":{"loc":{"start":{"line":120,"column":6},"end":{"line":122,"column":7}},"type":"if","locations":[{"start":{"line":120,"column":6},"end":{"line":122,"column":7}},{"start":{},"end":{}}],"line":120},"15":{"loc":{"start":{"line":120,"column":10},"end":{"line":120,"column":47}},"type":"binary-expr","locations":[{"start":{"line":120,"column":10},"end":{"line":120,"column":36}},{"start":{"line":120,"column":40},"end":{"line":120,"column":47}}],"line":120},"16":{"loc":{"start":{"line":125,"column":6},"end":{"line":127,"column":7}},"type":"if","locations":[{"start":{"line":125,"column":6},"end":{"line":127,"column":7}},{"start":{},"end":{}}],"line":125},"17":{"loc":{"start":{"line":159,"column":2},"end":{"line":166,"column":3}},"type":"if","locations":[{"start":{"line":159,"column":2},"end":{"line":166,"column":3}},{"start":{},"end":{}}],"line":159},"18":{"loc":{"start":{"line":171,"column":16},"end":{"line":171,"column":60}},"type":"cond-expr","locations":[{"start":{"line":171,"column":40},"end":{"line":171,"column":49}},{"start":{"line":171,"column":52},"end":{"line":171,"column":60}}],"line":171},"19":{"loc":{"start":{"line":192,"column":18},"end":{"line":192,"column":61}},"type":"binary-expr","locations":[{"start":{"line":192,"column":18},"end":{"line":192,"column":34}},{"start":{"line":192,"column":38},"end":{"line":192,"column":61}}],"line":192},"20":{"loc":{"start":{"line":201,"column":13},"end":{"line":203,"column":13}},"type":"binary-expr","locations":[{"start":{"line":201,"column":13},"end":{"line":201,"column":29}},{"start":{"line":202,"column":14},"end":{"line":202,"column":76}}],"line":201},"21":{"loc":{"start":{"line":213,"column":18},"end":{"line":213,"column":60}},"type":"binary-expr","locations":[{"start":{"line":213,"column":18},"end":{"line":213,"column":33}},{"start":{"line":213,"column":37},"end":{"line":213,"column":60}}],"line":213},"22":{"loc":{"start":{"line":222,"column":13},"end":{"line":224,"column":13}},"type":"binary-expr","locations":[{"start":{"line":222,"column":13},"end":{"line":222,"column":28}},{"start":{"line":223,"column":14},"end":{"line":223,"column":75}}],"line":222},"23":{"loc":{"start":{"line":234,"column":18},"end":{"line":234,"column":60}},"type":"binary-expr","locations":[{"start":{"line":234,"column":18},"end":{"line":234,"column":33}},{"start":{"line":234,"column":37},"end":{"line":234,"column":60}}],"line":234},"24":{"loc":{"start":{"line":244,"column":13},"end":{"line":246,"column":13}},"type":"binary-expr","locations":[{"start":{"line":244,"column":13},"end":{"line":244,"column":28}},{"start":{"line":245,"column":14},"end":{"line":245,"column":75}}],"line":244},"25":{"loc":{"start":{"line":256,"column":18},"end":{"line":256,"column":61}},"type":"binary-expr","locations":[{"start":{"line":256,"column":18},"end":{"line":256,"column":34}},{"start":{"line":256,"column":38},"end":{"line":256,"column":61}}],"line":256},"26":{"loc":{"start":{"line":266,"column":13},"end":{"line":268,"column":13}},"type":"binary-expr","locations":[{"start":{"line":266,"column":13},"end":{"line":266,"column":29}},{"start":{"line":267,"column":14},"end":{"line":267,"column":76}}],"line":266},"27":{"loc":{"start":{"line":277,"column":14},"end":{"line":277,"column":51}},"type":"binary-expr","locations":[{"start":{"line":277,"column":14},"end":{"line":277,"column":20}},{"start":{"line":277,"column":24},"end":{"line":277,"column":51}}],"line":277},"28":{"loc":{"start":{"line":283,"column":13},"end":{"line":290,"column":13}},"type":"cond-expr","locations":[{"start":{"line
[...]
}},"211":{"start":{"line":542,"column":8},"end":{"line":542,"column":62}},"212":{"start":{"line":543,"column":8},"end":{"line":543,"column":20}},"213":{"start":{"line":546,"column":6},"end":{"line":546,"column":54}},"214":{"start":{"line":547,"column":6},"end":{"line":547,"column":18}},"215":{"start":{"line":549,"column":6},"end":{"line":549,"column":70}},"216":{"start":{"line":550,"column":6},"end":{"line":550,"column":18}},"217":{"start":{"line":556,"column":4},"end":{"line":585,"column":5}},"218":{"start":{"line":557,"column":6},"end":{"line":557,"column":66}},"219":{"start":{"line":559,"column":30},"end":{"line":563,"column":18}},"220":{"start":{"line":565,"column":6},"end":{"line":568,"column":7}},"221":{"start":{"line":566,"column":8},"end":{"line":566,"column":57}},"222":{"start":{"line":567,"column":8},"end":{"line":567,"column":56}},"223":{"start":{"line":570,"column":6},"end":{"line":570,"column":81}},"224":{"start":{"line":573,"column":6},"end":{"line":578,"column":7}},"225":{"start":{"line":574,"column":8},"end":{"line":577,"column":11}},"226":{"start":{"line":580,"column":6},"end":{"line":580,"column":63}},"227":{"start":{"line":583,"column":6},"end":{"line":583,"column":53}},"228":{"start":{"line":584,"column":6},"end":{"line":584,"column":54}},"229":{"start":{"line":590,"column":4},"end":{"line":590,"column":20}}},"fnMap":{"0":{"name":"(anonymous_0)","decl":{"start":{"line":5,"column":2},"end":{"line":5,"column":3}},"loc":{"start":{"line":5,"column":29},"end":{"line":25,"column":3}},"line":5},"1":{"name":"(anonymous_1)","decl":{"start":{"line":28,"column":2},"end":{"line":28,"column":3}},"loc":{"start":{"line":28,"column":35},"end":{"line":52,"column":3}},"line":28},"2":{"name":"(anonymous_2)","decl":{"start":{"line":55,"column":2},"end":{"line":55,"column":3}},"loc":{"start":{"line":55,"column":44},"end":{"line":87,"column":3}},"line":55},"3":{"name":"(anonymous_3)","decl":{"start":{"line":80,"column":34},"end":{"line":80,"column":35}},"loc":{"start":{"line":80,"column":42},"end":{"line":80,"column":56}},"line":80},"4":{"name":"(anonymous_4)","decl":{"start":{"line":90,"column":2},"end":{"line":90,"column":3}},"loc":{"start":{"line":90,"column":45},"end":{"line":114,"column":3}},"line":90},"5":{"name":"(anonymous_5)","decl":{"start":{"line":117,"column":2},"end":{"line":117,"column":3}},"loc":{"start":{"line":117,"column":43},"end":{"line":141,"column":3}},"line":117},"6":{"name":"(anonymous_6)","decl":{"start":{"line":144,"column":2},"end":{"line":144,"column":3}},"loc":{"start":{"line":144,"column":50},"end":{"line":242,"column":3}},"line":144},"7":{"name":"(anonymous_7)","decl":{"start":{"line":184,"column":32},"end":{"line":184,"column":33}},"loc":{"start":{"line":184,"column":42},"end":{"line":215,"column":7}},"line":184},"8":{"name":"(anonymous_8)","decl":{"start":{"line":218,"column":58},"end":{"line":218,"column":59}},"loc":{"start":{"line":218,"column":68},"end":{"line":233,"column":7}},"line":218},"9":{"name":"(anonymous_9)","decl":{"start":{"line":228,"column":35},"end":{"line":228,"column":36}},"loc":{"start":{"line":228,"column":41},"end":{"line":232,"column":9}},"line":228},"10":{"name":"(anonymous_10)","decl":{"start":{"line":236,"column":32},"end":{"line":236,"column":33}},"loc":{"start":{"line":236,"column":42},"end":{"line":236,"column":61}},"line":236},"11":{"name":"(anonymous_11)","decl":{"start":{"line":245,"column":2},"end":{"line":245,"column":3}},"loc":{"start":{"line":245,"column":79},"end":{"line":317,"column":3}},"line":245},"12":{"name":"(anonymous_12)","decl":{"start":{"line":263,"column":40},"end":{"line":263,"column":41}},"loc":{"start":{"line":263,"column":59},"end":{"line":294,"column":7}},"line":263},"13":{"name":"(anonymous_13)","decl":{"start":{"line":298,"column":69},"end":{"line":298,"column":70}},"loc":{"start":{"line":298,"column":74},"end":{"line":298,"column":86}},"line":298},"14":{"name":"(anonymous_14)","decl":{"start":{"line":320,"column":2},"end":{"line":320,"column":3}},"loc":{"start":{"line":320,"column":54},"end":{"line":343,"column":3}},"line":320},"15":{"name":"(anonymous_15)","decl":{"start":{"line":346,"column":2},"end":{"line":346,"column":3}},"loc":{"start":{"line":346,"column":59},"end":{"line":400,"column":3}},"line":346},"16":{"name":"(anonymous_16)","decl":{"start":{"line":376,"column":41},"end":{"line":376,"column":42}},"loc":{"start":{"line":377,"column":8},"end":{"line":377,"column":75}},"line":377},"17":{"name":"(anonymous_17)","decl":{"start":{"line":388,"column":26},"end":{"line":388,"column":27}},"loc":{"start":{"line":388,"column":32},"end":{"line":393,"column":9}},"line":388},"18":{"name":"(anonymous_18)","decl":{"start":{"line":403,"column":2},"end":{"line":403,"column":3}},"loc":{"start":{"line":403,"column":53},"end":{"line":425,"column":3}},"line":403},"19":{"name":"(anonymous_19)","decl":{"start":{"line":428,"column":2},"end":{"line":428,"column":3}},"loc":{"start":{"line":428,"column":35},"end":{"line":462,"column":3}},"line":428},"20":{"name":"(anonymous_20)","decl":{"start":{"line":443,"column":53},"end":{"line":443,"column":54}},"loc":{"start":{"line":443,"column":58},"end":{"line":443,"column":69}},"line":443},"21":{"name":"(anonymous_21)","decl":{"start":{"line":444,"column":50},"end":{"line":444,"column":51}},"loc":{"start":{"line":444,"column":55},"end":{"line":444,"column":63}},"line":444},"22":{"name":"(anonymous_22)","decl":{"start":{"line":450,"column":62},"end":{"line":450,"column":63}},"loc":{"start":{"line":450,"column":68},"end":{"line":454,"column":9}},"line":450},"23":{"name":"(anonymous_23)","decl":{"start":{"line":465,"column":2},"end":{"line":465,"column":3}},"loc":{"start":{"line":465,"column":35},"end":{"line":498,"column":3}},"line":465},"24":{"name":"(anonymous_24)","decl":{"start":{"line":480,"column":20},"end":{"line":480,"column":21}},"loc":{"start":{"line":480,"column":41},"end":{"line":490,"column":7}},"line":480},"25":{"name":"(anonymous_25)","decl":{"start":{"line":501,"column":2},"end":{"line":501,"column":3}},"loc":{"start":{"line":501,"column":40},"end":{"line":528,"column":3}},"line":501},"26":{"name":"(anonymous_26)","decl":{"start":{"line":531,"column":2},"end":{"line":531,"column":3}},"loc":{"start":{"line":531,"column":32},"end":{"line":552,"column":3}},"line":531},"27":{"name":"(anonymous_27)","decl":{"start":{"line":555,"column":2},"end":{"line":555,"column":3}},"loc":{"start":{"line":555,"column":43},"end":{"line":586,"column":3}},"line":555},"28":{"name":"(anonymous_28)","decl":{"start":{"line":589,"column":2},"end":{"line":589,"column":3}},"loc":{"start":{"line":589,"column":24},"end":{"line":591,"column":3}},"line":589}},"branchMap":{"0":{"loc":{"start":{"line":14,"column":6},"end":{"line":17,"column":7}},"type":"if","locations":[{"start":{"line":14,"column":6},"end":{"line":17,"column":7}},{"start":{},"end":{}}],"line":14},"1":{"loc":{"start":{"line":19,"column":37},"end":{"line":19,"column":54}},"type":"binary-expr","locations":[{"start":{"line":19,"column":37},"end":{"line":19,"column":49}},{"start":{"line":19,"column":53},"end":{"line":19,"column":54}}],"line":19},"2":{"loc":{"start":{"line":20,"column":13},"end":{"line":20,"column":23}},"type":"binary-expr","locations":[{"start":{"line":20,"column":13},"end":{"line":20,"column":17}},{"start":{"line":20,"column":21},"end":{"line":20,"column":23}}],"line":20},"3":{"loc":{"start":{"line":38,"column":6},"end":{"line":44,"column":7}},"type":"if","locations":[{"start":{"line":38,"column":6},"end":{"line":44,"column":7}},{"start":{},"end":{}}],"line":38},"4":{"loc":{"start":{"line":40,"column":8},"end":{"line":42,"column":9}},"type":"if","locations":[{"start":{"line":40,"column":8},"end":{"line":42,"column":9}},{"start":{},"end":{}}],"line":40},"5":{"loc":{"start":{"line":74,"column":6},"end":{"line":77,"column":7}},"type":"if","locations":[{"start":{"line":74,"column":6},"end":{"line":77,"column":7}},{"start":{},"end":{}}],"line":74},"6":{"loc":{"start":{"line":80,"column":24},"end":{"line":80,"column":79}},"type":"binary-expr","locations":[{"start":{"line":80,"column":24},"end":{"line":80,"column":73}},{"start":{"line":80,"column":77},"end":{"line":80,"column":79}}],"line":80},"7":{"loc":{"start":{"line":100,"column":6},"end":{"line":106,"column":7}},"type":"if","locations":[{"start":{"line":100,"column":6},"end":{"line":106,"column":7}},{"start":{},"end":{}}],"line":100},"8":{"loc":{"start":{"line":102,"column":8},"end":{"line":104,"column":9}},"type":"if","locations":[{"start":{"line":102,"column":8},"end":{"line":104,"column":9}},{"start":{},"end":{}}],"line":102},"9":{"loc":{"start":{"line":127,"column":6},"end":{"line":133,"column":7}},"type":"if","locations":[{"start":{"line":127,"column":6},"end":{"line":133,"column":7}},{"start":{},"end":{}}],"line":127},"10":{"loc":{"start":{"line":129,"column":8},"end":{"line":131,"column":9}},"type":"if","locations":[{"start":{"line":129,"column":8},"end":{"line":131,"column":9}},{"start":{},"end":{}}],"line":129},"11":{"loc":{"start":{"line":170,"column":6},"end":{"line":173,"column":7}},"type":"if","locations":[{"start":{"line":170,"column":6},"end":{"line":173,"column":7}},{"start":{},"end":{}}],"line":170},"12":{"loc":{"start":{"line":175,"column":50},"end":{"line":175,"column":80}},"type":"binary-expr","locations":[{"start":{"line":175,"column":50},"end":{"line":175,"column":75}},{"start":{"line":175,"column":79},"end":{"line":175,"column":80}}],"line":175},"13":{"loc":{"start":{"line":177,"column":6},"end":{"line":179,"column":7}},"type":"if","locations":[{"start":{"line":177,"column":6},"end":{"line":179,"column":7}},{"start":{},"end":{}}],"line":177},"14":{"loc":{"start":{"line":177,"column":10},"end":{"line":177,"column":62}},"type":"binary-expr","locations":[{"start":{"line":177,"column":10},"end":{"line":177,"column":28}},{"start":{"line":177,"column":32},"end":{"line":177,"column":62}}],"line":177},"15":{"loc":{"start":{"line":186,"column":8},"end":{"line":195,"column":9}},"type":"if","locations":[{"start":{"line":186,"column":8},"end":{"line":195,"column":9}},{"start":{},"end":{}}],"line":186},"16":{"loc":{"start":{"line":202,"column":8},"end":{"line":204,"column":9}},"type":"if","locations":[{"start":{"line":202,"column":8},"end":{"line":204,"column":9}},{"start":{},"end":{}}],"line":202},"17":{"loc":{"start":{"line":212,"column":8},"end":{"line":214,"column":9}},"type":"if","locations":[{"start":{"line":212,"column":8},"end":{"line":214,"column":9}},{"start":{},"end":{}}],"line":212},"18":{"loc":{"start":{"line":267,"column":8},"end":{"line":276,"column":9}},"type":"if","locations":[{"start":{"line":267,"column":8},"end":{"line":276,"column":9}},{"start":{"line":269,"column":15},"end":{"line":276,"column":9}}],"line":267},"19":{"loc":{"start":{"line":269,"column":15},"end":{"line":276,"column":9}},"type":"if","locations":[{"start":{"line":269,"column":15},"end":{"line":276,"column":9}},{"start":{"line":271,"column":15},"end":{"line":276,"column":9}}],"line":269},"20":{"loc":{"start":{"line":271,"column":15},"end":{"line":276,"column":9}},"type":"if","locations":[{"start":{"line":271,"column":15},"end":{"line":276,"column":9}},{"start":{"line":273,"column":15},"end":{"line":276,"column":9}}],"line":271},"21":{"loc":{"start":{"line":279,"column":8},"end":{"line":282,"column":9}},"type":"if","locations":[{"start":{"line":279,"column":8},"end":{"line":282,"column":9}},{"start":{},"end":{}}],"line":279},"22":{"loc":{"start":{"line":279,"column":12},"end":{"line":279,"column":46}},"type":"binary-expr","locations":[{"start":{"line":279,"column":12},"end":{"line":279,"column":27}},{"start":{"line":279,"column":31},"end":{"line":279,"column":46}}],"line":279},"23":{"loc":{"start":{"line":280,"column":81},"end":{"line":280,"column":119}},"type":"binary-expr","locations":[{"start":{"line":280,"column":81},"end":{"line":280,"column":98}},{"start":{"line":280,"column":102},"end":{"line":280,"column":119}}],"line":280},"24":{"loc":{"start":{"line":288,"column":22},"end":{"line":288,"column":60}},"type":"binary-expr","locations":[{"start":{"line":288,"column":22},"end":{"line":288,"column":39}},{"start":{"line":288,"column":43},"end":{"line":288,"column":60}}],"line":288},"25":{"loc":{"start":{"line":305,"column":6},"end":{"line":309,"column":7}},"type":"if","locations":[{"start":{"line":305,"column":6},"end":{"line":309,"column":7}},{"start":{},"end":{}}],"line":305},"26":{"loc":{"start":{"line":331,"column":6},"end":{"line":334,"column":7}},"type":"if","locations":[{"start":{"line":331,"column":6},"end":{"line":334,"column":7}},{"start":{},"end":{}}],"line":331},"27":{"loc":{"start":{"line":336,"column":23},"end":{"line":336,"column":46}},"type":"binary-expr","locations":[{"start":{"line":336,"column":23},"end":{"line":336,"column":27}},{"start":{"line":336,"column":31},"end":{"line":336,"column":46}}],"line":336},"28":{"loc":{"start":{"line":366,"column":6},"end":{"line":369,"column":7}},"type":"if","locations":[{"start":{"line":366,"column":6},"end":{"line":369,"column":7}},{"start":{},"end":{}}],"line":366},"29":{"loc":{"start":{"line":371,"column":6},"end":{"line":373,"column":7}},"type":"if","locations":[{"start":{"line":371,"column":6},"end":{"line":373,"column":7}},{"start":{},"end":{}}],"line":371},"30":{"loc":{"start":{"line":371,"column":10},"end":{"line":371,"column":36}},"type":"binary-expr","locations":[{"start":{"line":371,"column":10},"end":{"line":371,"column":15}},{"start":{"line":371,"column":19},"end":{"line":371,"column":36}}],"line":371},"31":{"loc":{"start":{"line":414,"column":6},"end":{"line":417,"column":7}},"type":"if","locations":[{"start":{"line":414,"column":6},"end":{"line":417,"column":7}},{"start":{},"end":{}}],"line":414},"32":{"loc":{"start":{"line":437,"column":6},"end":{"line":440,"column":7}},"type":"if","locations":[{"start":{"line":437,"column":6},"end":{"line":440,"column":7}},{"start":{},"end":{}}],"line":437},"33":{"loc":{"start":{"line":449,"column":6},"end":{"line":455,"column":7}},"type":"if","locations":[{"start":{"line":449,"column":6},"end":{"line":455,"column":7}},{"start":{},"end":{}}],"line":449},"34":{"loc":{"start":{"line":449,"column":10},"end":{"line":449,"column":33}},"type":"binary-expr","locations":[{"start":{"line":449,"column":10},"end":{"line":449,"column":14}},{"start":{"line":449,"column":18},"end":{"line":449,"column":33}}],"line":449},"35":{"loc":{"start":{"line":474,"column":6},"end":{"line":477,"column":7}},"type":"if","locations":[{"start":{"line":474,"column":6},"end":{"line":477,"column":7}},{"start":{},"end":{}}],"line":474},"36":{"loc":{"start":{"line":510,"column":6},"end":{"line":513,"column":7}},"type":"if","locations":[{"start":{"line":510,"column":6},"end":{"line":513,"column":7}},{"start":{},"end":{}}],"line":510},"37":{"loc":{"start":{"line":520,"column":21},"end":{"line":520,"column":44}},"type":"binary-expr","locations":[{"start":{"line":520,"column":21},"end":{"line":520,"column":39}},{"start":{"line":520,"column":43},"end":{"line":520,"column":44}}],"line":520},"38":{"loc":{"start":{"line":541,"column":6},"end":{"line":544,"column":7}},"type":"if","locations":[{"start":{"line":541,"column":6},"end":{"line":544,"column":7}},{"start":{},"end":{}}],"line":541},"39":{"loc":{"start":{"line":565,"column":6},"end":{"line":568,"column":7}},"type":"if","locations":[{"start":{"line":565,"column":6},"end":{"line":568,"column":7}},{"start":{},"end":{}}],"line":565},"40":{"loc":{"start":{"line":570,"column":45},"end":{"line":570,"column":62}},"type":"binary-expr","locations":[{"start":{"line":570,"column":45},"end":{"line":570,"column":57}},{"start":{"line":570,"column":61},"end":{"line":570,"column":62}}],"line":570},"41":{"loc":{"start":{"line":573,"column":6},"end":{"line":578,"column":7}},"type":"if","locations":[{"start":{"line":573,"column":6},"end":{"line":578,"column":7}},{"start":{},"end":{}}],"line":573},"42":{"loc":{"start":{"line":573,"column":10},"end":{"line":573,"column":33}},"type":"binary-expr","locations":[{"start":{"line":573,"column":10},"end":{"line":573,"column":14}},{"start":{"line":573,"column":18},"end":{"line":573,"column":33}}],"line":573},"43":{"loc":{"start":{"line":580,"column":37},"end":{"line":580,"column":54}},"type":"binary-expr","locations":[{"start":{"line":580,"column":37},"end":{"line":580,"column":49}},{"start":{"line":580,"column":53},"end":{"line":580,"column":54}}],"line":580}},"s":{"0":0,"1":0,"2":0,"3":0,"4":0,"5":0,"6":0,"7":0,"8":0,"9":0,"10":0,"11":0,"12":0,"13":0,"14":0,"15":0,"16":0,"17":0,"18":0,"19":0,"20":0,"21":0,"22":0,"23":0,"24":0,"25":0,"26":0,"27":0,"28":0,"29":0,"30":0,"31":0,"32":0,"33":0,"34":0,"35":0,"36":0,"37":0,"38":0,"39":0,"40":0,"41":0,"42":0,"43":0,"44":0,"45":0,"46":0,"47":0,"48":0,"49":0,"50":0,"51":0,"52":0,"53":0,"54":0,"55":0,"56":0,"57":0,"58":0,"59":0,"60":0,"61":0,"62":0,"63":0,"64":0,"65":0,"66":0,"67":0,"68":0,"69":0,"70":0,"71":0,"72":0,"73":0,"74":0,"75":0,"76":0,"77":0,"78":0,"79":0,"80":0,"81":0,"82":0,"83":0,"84":0,"85":0,"86":0,"87":0,"88":0,"89":0,"90":0,"91":0,"92":0,"93":0,"94":0,"95":0,"96":0,"97":0,"98":0,"99":0,"100":0,"101":0,"102":0,"103":0,"104":0,"105":0,"106":0,"107":0,"108":0,"109":0,"110":0,"111":0,"112":0,"113":0,"114":0,"115":0,"116":0,"117":0,"118":0,"119":0,"120":0,"121":0,"122":0,"123":0,"124":0,"125":0,"126":0,"127":0,"128":0,"129":0,"130":0,"131":0,"132":0,"133":0,"134":0,"135":0,"136":0,"137":0,"138":0,"139":0,"140":0,"141":0,"142":0,"143":0,"144":0,"145":0,"146":0,"147":0,"148":0,"149":0,"150":0,"151":0,"152":0,"153":0,"154":0,"155":0,"156":0,"157":0,"158":0,"159":0,"160":0,"161":0,"162":0,"163":0,"164":0,"165":0,"166":0,"167":0,"168":0,"169":0,"170":0,"171":0,"172":0,"173":0,"174":0,"175":0,"176":0,"177":0,"178":0,"179":0,"180":0,"181":0,"182":0,"183":0,"184":0,"185":0,"186":0,"187":0,"188":0,"189":0,"190":0,"191":0,"192":0,"193":0,"194":0,"195":0,"196":0,"197":0,"198":0,"199":0,"200":0,"201":0,"202":0,"203":0,"204":0,"205":0,"206":0,"207":0,"208":0,"209":0,"210":0,"211":0,"212":0,"213":0,"214":0,"215":0,"216":0,"217":0,"218":0,"219":0,"220":0,"221":0,"222":0,"223":0,"224":0,"225":0,"226":0,"227":0,"228":0,"229":0},"f":{"0":0,"1":0,"2":0,"3":0,"4":0,"5":0,"6":0,"7":0,"8":0,"9":0,"10":0,"11":0,"12":0,"13":0,"14":0,"15":0,"16":0,"17":0,"18":0,"19":0,"20":0,"21":0,"22":0,"23":0,"24":0,"25":0,"26":0,"27":0,"28":0},"b":{"0":[0,0],"1":[0,0],"2":[0,0],"3":[0,0],"4":[0,0],"5":[0,0],"6":[0,0],"7":[0,0],"8":[0,0],"9":[0,0],"10":[0,0],"11":[0,0],"12":[0,0],"13":[0,0],"14":[0,0],"15":[0,0],"16":[0,0],"17":[0,0],"18":[0,0],"19":[0,0],"20":[0,0],"21":[0,0],"22":[0,0],"23":[0,0],"24":[0,0],"25":[0,0],"26":[0,0],"27":[0,0],"28":[0,0],"29":[0,0],"30":[0,0],"31":[0,0],"32":[0,0],"33":[0,0],"34":[0,0],"35":[0,0],"36":[0,0],"37":[0,0],"38":[0,0],"39":[0,0],"40":[0,0],"41":[0,0],"42":[0,0],"43":[0,0]}}
,"F:\\Level 6 Software development - 2025\\TestNest_ReactNative_v2\\TestNestStudent\\src\\styles\\global.js": {"path":"F:\\Level 6 Software development - 2025\\TestNest_ReactNative_v2\\TestNestStudent\\src\\styles\\global.js","statementMap":{"0":{"start":{"line":4,"column":20},"end":{"line":4,"column":50}},"1":{"start":{"line":5,"column":21},"end":{"line":5,"column":52}},"2":{"start":{"line":7,"column":28},"end":{"line":858,"column":2}}},"fnMap":{},"branchMap":{"0":{"loc":{"start":{"line":797,"column":17},"end":{"line":797,"column":42}},"type":"binary-expr","locations":[{"start":{"line":797,"column":17},"end":{"line":797,"column":29}},{"start":{"line":797,"column":33},"end":{"line":797,"column":42}}],"line":797},"1":{"loc":{"start":{"line":803,"column":11},"end":{"line":803,"column":36}},"type":"binary-expr","locations":[{"start":{"line":803,"column":11},"end":{"line":803,"column":23}},{"start":{"line":803,"column":27},"end":{"line":803,"column":36}}],"line":803}},"s":{"0":1,"1":1,"2":1},"f":{},"b":{"0":[1,1],"1":[1,1]},"_coverageSchema":"1a1c01bbd47fc00a2c39e90264f33305004495a9","hash":"e81a3a1c29b7b925afadc9808b4d90c22300f83c"}
}
