TN:
SF:src\theme.js
FNF:0
FNH:0
DA:2,1
DA:12,1
LF:2
LH:2
BRF:0
BRH:0
end_of_record
TN:
SF:src\components\CircularProgress.jsx
FN:5,(anonymous_0)
FNF:1
FNH:0
FNDA:0,(anonymous_0)
DA:5,1
DA:13,0
DA:14,0
DA:15,0
DA:18,0
DA:21,0
DA:23,0
LF:7
LH:1
BRDA:6,0,0,0
BRDA:7,1,0,0
BRDA:8,2,0,0
BRDA:9,3,0,0
BRDA:10,4,0,0
BRDA:11,5,0,0
BRDA:21,6,0,0
BRDA:21,6,1,0
BRF:8
BRH:0
end_of_record
TN:
SF:src\components\Header.jsx
FN:10,Header
FN:14,(anonymous_1)
FN:18,(anonymous_2)
FNF:3
FNH:1
FNDA:10,Header
FNDA:0,(anonymous_1)
FNDA:0,(anonymous_2)
DA:11,10
DA:12,10
DA:14,10
DA:15,0
DA:18,10
DA:19,0
DA:21,0
DA:24,0
DA:28,10
LF:9
LH:5
BRDA:19,0,0,0
BRDA:19,0,1,0
BRF:2
BRH:0
end_of_record
TN:
SF:src\config\supabase.js
FNF:0
FNH:0
DA:6,0
DA:7,0
DA:9,0
LF:3
LH:0
BRF:0
BRH:0
end_of_record
TN:
SF:src\contexts\AuthContext.js
FN:8,(anonymous_0)
FN:16,(anonymous_1)
FN:21,(anonymous_2)
FN:25,(anonymous_3)
FN:47,(anonymous_4)
FN:52,(anonymous_5)
FN:57,(anonymous_6)
FN:105,(anonymous_7)
FN:185,(anonymous_8)
FNF:9
FNH:0
FNDA:0,(anonymous_0)
FNDA:0,(anonymous_1)
FNDA:0,(anonymous_2)
FNDA:0,(anonymous_3)
FNDA:0,(anonymous_4)
FNDA:0,(anonymous_5)
FNDA:0,(anonymous_6)
FNDA:0,(anonymous_7)
FNDA:0,(anonymous_8)
DA:6,0
DA:8,0
DA:9,0
DA:10,0
DA:11,0
DA:13,0
DA:16,0
DA:17,0
DA:18,0
DA:19,0
DA:21,0
DA:22,0
DA:25,0
DA:26,0
DA:27,0
DA:28,0
DA:30,0
DA:31,0
DA:32,0
DA:33,0
DA:34,0
DA:36,0
DA:39,0
DA:40,0
DA:42,0
DA:47,0
DA:48,0
DA:52,0
DA:53,0
DA:54,0
DA:57,0
DA:58,0
DA:59,0
DA:60,0
DA:62,0
DA:63,0
DA:66,0
DA:68,0
DA:77,0
DA:83,0
DA:84,0
DA:85,0
DA:86,0
DA:87,0
DA:88,0
DA:89,0
DA:92,0
DA:95,0
DA:96,0
DA:98,0
DA:99,0
DA:101,0
DA:105,0
DA:106,0
DA:107,0
DA:108,0
DA:110,0
DA:111,0
DA:114,0
DA:115,0
DA:116,0
DA:123,0
DA:124,0
DA:125,0
DA:126,0
DA:128,0
DA:130,0
DA:132,0
DA:133,0
DA:140,0
DA:141,0
DA:142,0
DA:143,0
DA:145,0
DA:147,0
DA:150,0
DA:151,0
DA:154,0
DA:155,0
DA:158,0
DA:170,0
DA:171,0
DA:173,0
DA:174,0
DA:176,0
DA:178,0
DA:179,0
DA:181,0
DA:185,0
DA:186,0
DA:187,0
DA:188,0
DA:191,0
DA:192,0
DA:195,0
DA:196,0
DA:198,0
DA:200,0
DA:201,0
DA:203,0
DA:207,0
DA:217,0
LF:102
LH:0
BRDA:10,0,0,0
BRDA:10,0,1,0
BRDA:30,1,0,0
BRDA:30,1,1,0
BRDA:54,2,0,0
BRDA:54,2,1,0
BRDA:62,3,0,0
BRDA:62,3,1,0
BRDA:83,4,0,0
BRDA:83,4,1,0
BRDA:85,5,0,0
BRDA:85,5,1,0
BRDA:86,6,0,0
BRDA:86,6,1,0
BRDA:88,7,0,0
BRDA:88,7,1,0
BRDA:111,8,0,0
BRDA:111,8,1,0
BRDA:114,9,0,0
BRDA:114,9,1,0
BRDA:123,10,0,0
BRDA:123,10,1,0
BRDA:125,11,0,0
BRDA:125,11,1,0
BRDA:140,12,0,0
BRDA:140,12,1,0
BRDA:142,13,0,0
BRDA:142,13,1,0
BRDA:150,14,0,0
BRDA:150,14,1,0
BRDA:154,15,0,0
BRDA:154,15,1,0
BRF:32
BRH:0
end_of_record
TN:
SF:src\contexts\TestTimerContext.jsx
FN:5,(anonymous_0)
FN:9,(anonymous_1)
FN:27,(anonymous_2)
FN:45,(anonymous_3)
FN:51,(anonymous_4)
FN:56,(anonymous_5)
FN:79,(anonymous_6)
FNF:7
FNH:0
FNDA:0,(anonymous_0)
FNDA:0,(anonymous_1)
FNDA:0,(anonymous_2)
FNDA:0,(anonymous_3)
FNDA:0,(anonymous_4)
FNDA:0,(anonymous_5)
FNDA:0,(anonymous_6)
DA:3,0
DA:5,0
DA:6,0
DA:7,0
DA:9,0
DA:10,0
DA:13,0
DA:14,0
DA:15,0
DA:16,0
DA:17,0
DA:22,0
DA:23,0
DA:24,0
DA:27,0
DA:28,0
DA:31,0
DA:32,0
DA:33,0
DA:34,0
DA:39,0
DA:40,0
DA:41,0
DA:45,0
DA:46,0
DA:47,0
DA:48,0
DA:51,0
DA:52,0
DA:53,0
DA:56,0
DA:57,0
DA:58,0
DA:59,0
DA:60,0
DA:62,0
DA:65,0
DA:79,0
DA:80,0
DA:81,0
DA:82,0
DA:84,0
LF:42
LH:0
BRDA:13,0,0,0
BRDA:13,0,1,0
BRDA:13,1,0,0
BRDA:13,1,1,0
BRDA:15,2,0,0
BRDA:15,2,1,0
BRDA:31,3,0,0
BRDA:31,3,1,0
BRDA:39,4,0,0
BRDA:39,4,1,0
BRDA:58,5,0,0
BRDA:58,5,1,0
BRDA:81,6,0,0
BRDA:81,6,1,0
BRF:14
BRH:0
end_of_record
TN:
SF:src\data\demoQuestions.js
FNF:0
FNH:0
DA:3,0
LF:1
LH:0
BRF:0
BRH:0
end_of_record
TN:
SF:src\navigation\AppStack.jsx
FN:14,AppStack
FNF:1
FNH:0
FNDA:0,AppStack
DA:12,0
DA:15,0
LF:2
LH:0
BRF:0
BRH:0
end_of_record
TN:
SF:src\navigation\AuthStack.jsx
FN:13,AuthStack
FNF:1
FNH:0
FNDA:0,AuthStack
DA:11,0
DA:14,0
LF:2
LH:0
BRF:0
BRH:0
end_of_record
TN:
SF:src\navigation\DrawerNavigator.jsx
FN:27,CustomDrawerContent
FN:31,(anonymous_1)
FN:42,(anonymous_2)
FN:97,DrawerNavigator
FN:108,(anonymous_4)
FNF:5
FNH:0
FNDA:0,CustomDrawerContent
FNDA:0,(anonymous_1)
FNDA:0,(anonymous_2)
FNDA:0,DrawerNavigator
FNDA:0,(anonymous_4)
DA:25,0
DA:28,0
DA:29,0
DA:31,0
DA:32,0
DA:43,0
DA:44,0
DA:46,0
DA:47,0
DA:48,0
DA:50,0
DA:55,0
DA:59,0
DA:60,0
DA:66,0
DA:67,0
DA:75,0
DA:98,0
DA:101,0
DA:105,0
DA:108,0
LF:21
LH:0
BRDA:46,0,0,0
BRDA:46,0,1,0
BRDA:48,1,0,0
BRDA:48,1,1,0
BRDA:85,2,0,0
BRDA:85,2,1,0
BRDA:101,3,0,0
BRDA:101,3,1,0
BRDA:101,3,2,0
BRDA:101,3,3,0
BRDA:126,4,0,0
BRDA:126,4,1,0
BRDA:131,5,0,0
BRDA:131,5,1,0
BRDA:159,6,0,0
BRDA:159,6,1,0
BRDA:164,7,0,0
BRDA:164,7,1,0
BRDA:174,8,0,0
BRDA:174,8,1,0
BRDA:179,9,0,0
BRDA:179,9,1,0
BRDA:195,10,0,0
BRDA:195,10,1,0
BRF:24
BRH:0
end_of_record
TN:
SF:src\navigation\RootNavigator.jsx
FN:7,AppContent
FN:15,RootNavigator
FNF:2
FNH:0
FNDA:0,AppContent
FNDA:0,RootNavigator
DA:8,0
DA:10,0
DA:16,0
LF:3
LH:0
BRF:0
BRH:0
end_of_record
TN:
SF:src\screens\AboutScreen.jsx
FN:8,AboutScreen
FN:9,(anonymous_1)
FN:16,(anonymous_2)
FN:130,(anonymous_3)
FN:137,(anonymous_4)
FN:151,(anonymous_5)
FNF:6
FNH:0
FNDA:0,AboutScreen
FNDA:0,(anonymous_1)
FNDA:0,(anonymous_2)
FNDA:0,(anonymous_3)
FNDA:0,(anonymous_4)
FNDA:0,(anonymous_5)
DA:9,0
DA:10,0
DA:16,0
DA:17,0
DA:23,0
DA:130,0
DA:137,0
DA:151,0
DA:160,0
LF:9
LH:0
BRF:0
BRH:0
end_of_record
TN:
SF:src\screens\ChangePasswordScreen.jsx
FN:20,ChangePasswordScreen
FN:35,(anonymous_1)
FN:62,(anonymous_2)
FN:63,(anonymous_3)
FN:70,(anonymous_4)
FN:77,(anonymous_5)
FN:78,(anonymous_6)
FN:84,(anonymous_7)
FN:107,(anonymous_8)
FN:120,(anonymous_9)
FN:126,(anonymous_10)
FN:159,(anonymous_11)
FN:168,(anonymous_12)
FN:194,(anonymous_13)
FN:203,(anonymous_14)
FN:229,(anonymous_15)
FN:238,(anonymous_16)
FNF:17
FNH:0
FNDA:0,ChangePasswordScreen
FNDA:0,(anonymous_1)
FNDA:0,(anonymous_2)
FNDA:0,(anonymous_3)
FNDA:0,(anonymous_4)
FNDA:0,(anonymous_5)
FNDA:0,(anonymous_6)
FNDA:0,(anonymous_7)
FNDA:0,(anonymous_8)
FNDA:0,(anonymous_9)
FNDA:0,(anonymous_10)
FNDA:0,(anonymous_11)
FNDA:0,(anonymous_12)
FNDA:0,(anonymous_13)
FNDA:0,(anonymous_14)
FNDA:0,(anonymous_15)
FNDA:0,(anonymous_16)
DA:21,0
DA:22,0
DA:23,0
DA:28,0
DA:29,0
DA:35,0
DA:36,0
DA:38,0
DA:39,0
DA:42,0
DA:43,0
DA:44,0
DA:45,0
DA:48,0
DA:49,0
DA:50,0
DA:51,0
DA:54,0
DA:55,0
DA:58,0
DA:59,0
DA:62,0
DA:63,0
DA:69,0
DA:70,0
DA:77,0
DA:78,0
DA:84,0
DA:85,0
DA:86,0
DA:87,0
DA:90,0
DA:91,0
DA:97,0
DA:98,0
DA:101,0
DA:107,0
DA:113,0
DA:114,0
DA:116,0
DA:120,0
DA:121,0
DA:126,0
DA:131,0
DA:159,0
DA:168,0
DA:194,0
DA:203,0
DA:229,0
DA:238,0
LF:50
LH:0
BRDA:38,0,0,0
BRDA:38,0,1,0
BRDA:42,1,0,0
BRDA:42,1,1,0
BRDA:44,2,0,0
BRDA:44,2,1,0
BRDA:48,3,0,0
BRDA:48,3,1,0
BRDA:50,4,0,0
BRDA:50,4,1,0
BRDA:54,5,0,0
BRDA:54,5,1,0
BRDA:69,6,0,0
BRDA:69,6,1,0
BRDA:85,7,0,0
BRDA:85,7,1,0
BRDA:97,8,0,0
BRDA:97,8,1,0
BRDA:97,9,0,0
BRDA:97,9,1,0
BRDA:134,10,0,0
BRDA:134,10,1,0
BRDA:155,11,0,0
BRDA:155,11,1,0
BRDA:171,12,0,0
BRDA:171,12,1,0
BRDA:178,13,0,0
BRDA:178,13,1,0
BRDA:190,14,0,0
BRDA:190,14,1,0
BRDA:206,15,0,0
BRDA:206,15,1,0
BRDA:213,16,0,0
BRDA:213,16,1,0
BRDA:225,17,0,0
BRDA:225,17,1,0
BRDA:241,18,0,0
BRDA:241,18,1,0
BRDA:248,19,0,0
BRDA:248,19,1,0
BRDA:267,20,0,0
BRDA:267,20,1,0
BRDA:273,21,0,0
BRDA:273,21,1,0
BRF:44
BRH:0
end_of_record
TN:
SF:src\screens\DashboardScreen.jsx
FN:9,DashboardScreen
FN:12,(anonymous_1)
FN:20,(anonymous_2)
FN:33,(anonymous_3)
FN:42,(anonymous_4)
FN:49,(anonymous_5)
FN:56,(anonymous_6)
FN:97,(anonymous_7)
FNF:8
FNH:4
FNDA:2,DashboardScreen
FNDA:0,(anonymous_1)
FNDA:0,(anonymous_2)
FNDA:1,(anonymous_3)
FNDA:1,(anonymous_4)
FNDA:0,(anonymous_5)
FNDA:0,(anonymous_6)
FNDA:6,(anonymous_7)
DA:10,2
DA:12,2
DA:13,0
DA:21,0
DA:22,0
DA:23,0
DA:25,0
DA:33,2
DA:34,1
DA:37,2
DA:42,1
DA:49,0
DA:56,0
DA:61,2
DA:98,6
LF:15
LH:8
BRDA:22,0,0,0
BRDA:22,0,1,0
BRDA:73,1,0,2
BRDA:73,1,1,2
BRF:4
BRH:2
end_of_record
TN:
SF:src\screens\DemoResultsScreen.jsx
FN:8,ResultsScreen
FN:13,(anonymous_1)
FN:22,(anonymous_2)
FN:29,(anonymous_3)
FN:83,(anonymous_4)
FN:90,(anonymous_5)
FNF:6
FNH:0
FNDA:0,ResultsScreen
FNDA:0,(anonymous_1)
FNDA:0,(anonymous_2)
FNDA:0,(anonymous_3)
FNDA:0,(anonymous_4)
FNDA:0,(anonymous_5)
DA:9,0
DA:10,0
DA:13,0
DA:14,0
DA:15,0
DA:16,0
DA:20,0
DA:22,0
DA:23,0
DA:24,0
DA:25,0
DA:26,0
DA:29,0
DA:30,0
DA:31,0
DA:32,0
DA:35,0
DA:83,0
DA:90,0
DA:98,0
LF:20
LH:0
BRDA:9,0,0,0
BRDA:9,1,0,0
BRDA:20,2,0,0
BRDA:20,2,1,0
BRDA:23,3,0,0
BRDA:23,3,1,0
BRDA:24,4,0,0
BRDA:24,4,1,0
BRDA:25,5,0,0
BRDA:25,5,1,0
BRDA:30,6,0,0
BRDA:30,6,1,0
BRDA:31,7,0,0
BRDA:31,7,1,0
BRF:14
BRH:0
end_of_record
TN:
SF:src\screens\DemoTestScreen.jsx
FN:9,DemoTestScreen
FN:20,(anonymous_1)
FN:29,(anonymous_2)
FN:30,(anonymous_3)
FN:33,(anonymous_4)
FN:36,(anonymous_5)
FN:44,(anonymous_6)
FN:46,(anonymous_7)
FN:60,(anonymous_8)
FN:76,(anonymous_9)
FN:131,(anonymous_10)
FN:145,(anonymous_11)
FNF:12
FNH:0
FNDA:0,DemoTestScreen
FNDA:0,(anonymous_1)
FNDA:0,(anonymous_2)
FNDA:0,(anonymous_3)
FNDA:0,(anonymous_4)
FNDA:0,(anonymous_5)
FNDA:0,(anonymous_6)
FNDA:0,(anonymous_7)
FNDA:0,(anonymous_8)
FNDA:0,(anonymous_9)
FNDA:0,(anonymous_10)
FNDA:0,(anonymous_11)
DA:10,0
DA:11,0
DA:12,0
DA:13,0
DA:14,0
DA:16,0
DA:17,0
DA:20,0
DA:21,0
DA:22,0
DA:23,0
DA:27,0
DA:29,0
DA:30,0
DA:33,0
DA:36,0
DA:37,0
DA:44,0
DA:45,0
DA:46,0
DA:47,0
DA:48,0
DA:52,0
DA:60,0
DA:61,0
DA:63,0
DA:64,0
DA:65,0
DA:67,0
DA:68,0
DA:69,0
DA:71,0
DA:76,0
DA:77,0
DA:78,0
DA:79,0
DA:83,0
DA:85,0
DA:132,0
DA:134,0
DA:145,0
DA:176,0
LF:42
LH:0
BRDA:21,0,0,0
BRDA:21,0,1,0
BRDA:47,1,0,0
BRDA:47,1,1,0
BRDA:61,2,0,0
BRDA:61,2,1,0
BRDA:67,3,0,0
BRDA:67,3,1,0
BRDA:69,4,0,0
BRDA:69,4,1,0
BRDA:96,5,0,0
BRDA:96,5,1,0
BRDA:100,6,0,0
BRDA:100,6,1,0
BRDA:105,7,0,0
BRDA:105,7,1,0
BRDA:115,8,0,0
BRDA:115,8,1,0
BRDA:141,9,0,0
BRDA:141,9,1,0
BRDA:142,10,0,0
BRDA:142,10,1,0
BRDA:160,11,0,0
BRDA:160,11,1,0
BRDA:167,12,0,0
BRDA:167,12,1,0
BRF:26
BRH:0
end_of_record
TN:
SF:src\screens\EditProfileScreen.jsx
FN:21,EditProfileScreen
FN:33,(anonymous_1)
FN:37,(anonymous_2)
FN:65,(anonymous_3)
FN:90,(anonymous_4)
FN:91,(anonymous_5)
FN:98,(anonymous_6)
FN:105,(anonymous_7)
FN:135,(anonymous_8)
FN:148,(anonymous_9)
FN:154,(anonymous_10)
FN:195,(anonymous_11)
FN:216,(anonymous_12)
FN:237,(anonymous_13)
FN:259,(anonymous_14)
FNF:15
FNH:0
FNDA:0,EditProfileScreen
FNDA:0,(anonymous_1)
FNDA:0,(anonymous_2)
FNDA:0,(anonymous_3)
FNDA:0,(anonymous_4)
FNDA:0,(anonymous_5)
FNDA:0,(anonymous_6)
FNDA:0,(anonymous_7)
FNDA:0,(anonymous_8)
FNDA:0,(anonymous_9)
FNDA:0,(anonymous_10)
FNDA:0,(anonymous_11)
FNDA:0,(anonymous_12)
FNDA:0,(anonymous_13)
FNDA:0,(anonymous_14)
DA:22,0
DA:23,0
DA:24,0
DA:25,0
DA:31,0
DA:33,0
DA:34,0
DA:37,0
DA:38,0
DA:39,0
DA:41,0
DA:44,0
DA:45,0
DA:46,0
DA:47,0
DA:51,0
DA:58,0
DA:59,0
DA:61,0
DA:65,0
DA:66,0
DA:68,0
DA:69,0
DA:72,0
DA:73,0
DA:76,0
DA:77,0
DA:78,0
DA:79,0
DA:82,0
DA:83,0
DA:86,0
DA:87,0
DA:90,0
DA:91,0
DA:97,0
DA:98,0
DA:105,0
DA:106,0
DA:107,0
DA:108,0
DA:111,0
DA:112,0
DA:114,0
DA:120,0
DA:121,0
DA:125,0
DA:126,0
DA:129,0
DA:135,0
DA:141,0
DA:142,0
DA:144,0
DA:148,0
DA:149,0
DA:154,0
DA:159,0
DA:160,0
DA:168,0
DA:195,0
DA:216,0
DA:237,0
DA:259,0
LF:63
LH:0
BRDA:44,0,0,0
BRDA:44,0,1,0
BRDA:44,1,0,0
BRDA:44,1,1,0
BRDA:46,2,0,0
BRDA:46,2,1,0
BRDA:52,3,0,0
BRDA:52,3,1,0
BRDA:53,4,0,0
BRDA:53,4,1,0
BRDA:54,5,0,0
BRDA:54,5,1,0
BRDA:55,6,0,0
BRDA:55,6,1,0
BRDA:68,7,0,0
BRDA:68,7,1,0
BRDA:72,8,0,0
BRDA:72,8,1,0
BRDA:76,9,0,0
BRDA:76,9,1,0
BRDA:78,10,0,0
BRDA:78,10,1,0
BRDA:82,11,0,0
BRDA:82,11,1,0
BRDA:97,12,0,0
BRDA:97,12,1,0
BRDA:106,13,0,0
BRDA:106,13,1,0
BRDA:120,14,0,0
BRDA:120,14,1,0
BRDA:120,15,0,0
BRDA:120,15,1,0
BRDA:125,16,0,0
BRDA:125,16,1,0
BRDA:159,17,0,0
BRDA:159,17,1,0
BRDA:171,18,0,0
BRDA:171,18,1,0
BRDA:192,19,0,0
BRDA:192,19,1,0
BRDA:201,20,0,0
BRDA:201,20,1,0
BRDA:213,21,0,0
BRDA:213,21,1,0
BRDA:222,22,0,0
BRDA:222,22,1,0
BRDA:234,23,0,0
BRDA:234,23,1,0
BRDA:244,24,0,0
BRDA:244,24,1,0
BRDA:256,25,0,0
BRDA:256,25,1,0
BRDA:266,26,0,0
BRDA:266,26,1,0
BRDA:277,27,0,0
BRDA:277,27,1,0
BRDA:283,28,0,0
BRDA:283,28,1,0
BRF:58
BRH:0
end_of_record
TN:
SF:src\screens\HelpScreen.jsx
FN:8,HelpScreen
FN:11,(anonymous_1)
FN:18,(anonymous_2)
FN:25,(anonymous_3)
FN:27,(anonymous_4)
FN:48,(anonymous_5)
FN:56,(anonymous_6)
FN:340,(anonymous_7)
FNF:8
FNH:0
FNDA:0,HelpScreen
FNDA:0,(anonymous_1)
FNDA:0,(anonymous_2)
FNDA:0,(anonymous_3)
FNDA:0,(anonymous_4)
FNDA:0,(anonymous_5)
FNDA:0,(anonymous_6)
FNDA:0,(anonymous_7)
DA:9,0
DA:11,0
DA:12,0
DA:18,0
DA:19,0
DA:25,0
DA:26,0
DA:28,0
DA:36,0
DA:48,0
DA:56,0
DA:340,0
DA:349,0
LF:13
LH:0
BRDA:47,0,0,0
BRDA:47,0,1,0
BRDA:50,1,0,0
BRDA:50,1,1,0
BRDA:55,2,0,0
BRDA:55,2,1,0
BRDA:58,3,0,0
BRDA:58,3,1,0
BRDA:65,4,0,0
BRDA:65,4,1,0
BRDA:202,5,0,0
BRDA:202,5,1,0
BRF:12
BRH:0
end_of_record
TN:
SF:src\screens\HomeScreen.jsx
FN:7,HomeScreen
FN:51,(anonymous_1)
FN:83,(anonymous_2)
FN:93,(anonymous_3)
FN:100,(anonymous_4)
FN:108,(anonymous_5)
FNF:6
FNH:0
FNDA:0,HomeScreen
FNDA:0,(anonymous_1)
FNDA:0,(anonymous_2)
FNDA:0,(anonymous_3)
FNDA:0,(anonymous_4)
FNDA:0,(anonymous_5)
DA:8,0
DA:31,0
DA:52,0
DA:83,0
DA:93,0
DA:100,0
DA:108,0
LF:7
LH:0
BRF:0
BRH:0
end_of_record
TN:
SF:src\screens\LoginScreen.jsx
FN:9,LoginScreen
FN:15,(anonymous_1)
FN:25,(anonymous_2)
FN:72,(anonymous_3)
FN:96,(anonymous_4)
FNF:5
FNH:2
FNDA:5,LoginScreen
FNDA:1,(anonymous_1)
FNDA:0,(anonymous_2)
FNDA:0,(anonymous_3)
FNDA:0,(anonymous_4)
DA:10,5
DA:11,5
DA:12,5
DA:13,5
DA:15,5
DA:16,1
DA:17,1
DA:18,1
DA:21,0
DA:23,0
DA:24,0
DA:25,0
DA:28,0
DA:32,5
DA:33,0
DA:41,5
DA:72,0
DA:96,0
LF:18
LH:10
BRDA:16,0,0,1
BRDA:16,0,1,0
BRDA:16,1,0,1
BRDA:16,1,1,0
BRDA:23,2,0,0
BRDA:23,2,1,0
BRDA:28,3,0,0
BRDA:28,3,1,0
BRDA:32,4,0,0
BRDA:32,4,1,5
BRDA:75,5,0,0
BRDA:75,5,1,5
BRDA:83,6,0,0
BRDA:83,6,1,5
BRDA:87,7,0,0
BRDA:87,7,1,5
BRF:16
BRH:6
end_of_record
TN:
SF:src\screens\ProfileScreen.jsx
FN:11,ProfileScreen
FN:17,(anonymous_1)
FN:21,(anonymous_2)
FN:67,(anonymous_3)
FN:71,(anonymous_4)
FN:75,(anonymous_5)
FN:79,(anonymous_6)
FN:87,(anonymous_7)
FN:228,(anonymous_8)
FNF:9
FNH:0
FNDA:0,ProfileScreen
FNDA:0,(anonymous_1)
FNDA:0,(anonymous_2)
FNDA:0,(anonymous_3)
FNDA:0,(anonymous_4)
FNDA:0,(anonymous_5)
FNDA:0,(anonymous_6)
FNDA:0,(anonymous_7)
FNDA:0,(anonymous_8)
DA:12,0
DA:13,0
DA:14,0
DA:15,0
DA:17,0
DA:18,0
DA:21,0
DA:22,0
DA:23,0
DA:25,0
DA:28,0
DA:29,0
DA:30,0
DA:31,0
DA:33,0
DA:37,0
DA:38,0
DA:40,0
DA:41,0
DA:44,0
DA:46,0
DA:50,0
DA:51,0
DA:54,0
DA:55,0
DA:57,0
DA:61,0
DA:63,0
DA:67,0
DA:68,0
DA:71,0
DA:72,0
DA:75,0
DA:76,0
DA:79,0
DA:80,0
DA:88,0
DA:89,0
DA:91,0
DA:92,0
DA:94,0
DA:96,0
DA:101,0
DA:104,0
DA:105,0
DA:113,0
DA:114,0
DA:122,0
DA:123,0
DA:138,0
DA:140,0
DA:228,0
LF:52
LH:0
BRDA:28,0,0,0
BRDA:28,0,1,0
BRDA:28,1,0,0
BRDA:28,1,1,0
BRDA:31,2,0,0
BRDA:31,2,1,0
BRDA:35,3,0,0
BRDA:35,3,1,0
BRDA:48,4,0,0
BRDA:48,4,1,0
BRDA:59,5,0,0
BRDA:59,5,1,0
BRDA:92,6,0,0
BRDA:92,6,1,0
BRDA:113,7,0,0
BRDA:113,7,1,0
BRDA:122,8,0,0
BRDA:122,8,1,0
BRDA:138,9,0,0
BRDA:138,9,1,0
BRDA:179,10,0,0
BRDA:179,10,1,0
BRF:22
BRH:0
end_of_record
TN:
SF:src\screens\RegisterScreen.jsx
FN:9,RegisterScreen
FN:19,(anonymous_1)
FN:46,(anonymous_2)
FN:130,(anonymous_3)
FN:164,(anonymous_4)
FNF:5
FNH:1
FNDA:3,RegisterScreen
FNDA:0,(anonymous_1)
FNDA:0,(anonymous_2)
FNDA:0,(anonymous_3)
FNDA:0,(anonymous_4)
DA:10,3
DA:11,3
DA:12,3
DA:13,3
DA:14,3
DA:15,3
DA:16,3
DA:17,3
DA:19,3
DA:20,0
DA:21,0
DA:22,0
DA:25,0
DA:26,0
DA:27,0
DA:30,0
DA:31,0
DA:32,0
DA:36,0
DA:37,0
DA:38,0
DA:39,0
DA:42,0
DA:44,0
DA:45,0
DA:46,0
DA:49,0
DA:53,3
DA:54,0
DA:62,3
DA:130,0
DA:164,0
LF:32
LH:11
BRDA:20,0,0,0
BRDA:20,0,1,0
BRDA:20,1,0,0
BRDA:20,1,1,0
BRDA:20,1,2,0
BRDA:20,1,3,0
BRDA:20,1,4,0
BRDA:20,1,5,0
BRDA:25,2,0,0
BRDA:25,2,1,0
BRDA:30,3,0,0
BRDA:30,3,1,0
BRDA:37,4,0,0
BRDA:37,4,1,0
BRDA:37,5,0,0
BRDA:37,5,1,0
BRDA:37,5,2,0
BRDA:44,6,0,0
BRDA:44,6,1,0
BRDA:49,7,0,0
BRDA:49,7,1,0
BRDA:53,8,0,0
BRDA:53,8,1,3
BRDA:65,9,0,3
BRDA:65,9,1,0
BRDA:133,10,0,0
BRDA:133,10,1,3
BRDA:151,11,0,0
BRDA:151,11,1,3
BRDA:155,12,0,0
BRDA:155,12,1,3
BRF:31
BRH:5
end_of_record
TN:
SF:src\screens\ResultsScreen.jsx
FN:10,ResultsScreen
FN:22,(anonymous_1)
FN:42,(anonymous_2)
FN:73,(anonymous_3)
FN:89,(anonymous_4)
FN:118,(anonymous_5)
FN:128,(anonymous_6)
FN:135,(anonymous_7)
FN:141,(anonymous_8)
FN:150,(anonymous_9)
FN:186,(anonymous_10)
FN:196,(anonymous_11)
FN:311,(anonymous_12)
FN:348,(anonymous_13)
FN:362,(anonymous_14)
FN:373,(anonymous_15)
FN:382,(anonymous_16)
FNF:17
FNH:0
FNDA:0,ResultsScreen
FNDA:0,(anonymous_1)
FNDA:0,(anonymous_2)
FNDA:0,(anonymous_3)
FNDA:0,(anonymous_4)
FNDA:0,(anonymous_5)
FNDA:0,(anonymous_6)
FNDA:0,(anonymous_7)
FNDA:0,(anonymous_8)
FNDA:0,(anonymous_9)
FNDA:0,(anonymous_10)
FNDA:0,(anonymous_11)
FNDA:0,(anonymous_12)
FNDA:0,(anonymous_13)
FNDA:0,(anonymous_14)
FNDA:0,(anonymous_15)
FNDA:0,(anonymous_16)
DA:11,0
DA:12,0
DA:13,0
DA:14,0
DA:15,0
DA:18,0
DA:19,0
DA:20,0
DA:22,0
DA:23,0
DA:24,0
DA:25,0
DA:26,0
DA:28,0
DA:30,0
DA:31,0
DA:32,0
DA:34,0
DA:42,0
DA:43,0
DA:44,0
DA:47,0
DA:48,0
DA:50,0
DA:58,0
DA:66,0
DA:67,0
DA:70,0
DA:73,0
DA:74,0
DA:78,0
DA:79,0
DA:85,0
DA:89,0
DA:90,0
DA:91,0
DA:92,0
DA:93,0
DA:96,0
DA:97,0
DA:98,0
DA:100,0
DA:102,0
DA:103,0
DA:105,0
DA:106,0
DA:110,0
DA:111,0
DA:113,0
DA:118,0
DA:119,0
DA:120,0
DA:121,0
DA:122,0
DA:126,0
DA:128,0
DA:129,0
DA:130,0
DA:131,0
DA:132,0
DA:135,0
DA:136,0
DA:137,0
DA:138,0
DA:141,0
DA:142,0
DA:143,0
DA:144,0
DA:145,0
DA:146,0
DA:147,0
DA:150,0
DA:151,0
DA:153,0
DA:156,0
DA:157,0
DA:158,0
DA:159,0
DA:161,0
DA:171,0
DA:172,0
DA:182,0
DA:186,0
DA:187,0
DA:188,0
DA:189,0
DA:190,0
DA:191,0
DA:192,0
DA:193,0
DA:196,0
DA:197,0
DA:198,0
DA:199,0
DA:200,0
DA:201,0
DA:202,0
DA:203,0
DA:206,0
DA:209,0
DA:312,0
DA:348,0
DA:362,0
DA:373,0
DA:382,0
LF:105
LH:0
BRDA:18,0,0,0
BRDA:18,0,1,0
BRDA:19,1,0,0
BRDA:19,2,0,0
BRDA:19,3,0,0
BRDA:19,4,0,0
BRDA:19,5,0,0
BRDA:20,6,0,0
BRDA:20,6,1,0
BRDA:30,7,0,0
BRDA:30,7,1,0
BRDA:30,8,0,0
BRDA:30,8,1,0
BRDA:30,8,2,0
BRDA:43,9,0,0
BRDA:43,9,1,0
BRDA:43,10,0,0
BRDA:43,10,1,0
BRDA:43,10,2,0
BRDA:90,11,0,0
BRDA:90,11,1,0
BRDA:102,12,0,0
BRDA:102,12,1,0
BRDA:102,13,0,0
BRDA:102,13,1,0
BRDA:119,14,0,0
BRDA:119,14,1,0
BRDA:119,15,0,0
BRDA:119,15,1,0
BRDA:126,16,0,0
BRDA:126,16,1,0
BRDA:129,17,0,0
BRDA:129,17,1,0
BRDA:130,18,0,0
BRDA:130,18,1,0
BRDA:131,19,0,0
BRDA:131,19,1,0
BRDA:136,20,0,0
BRDA:136,20,1,0
BRDA:137,21,0,0
BRDA:137,21,1,0
BRDA:142,22,0,0
BRDA:142,22,1,0
BRDA:143,23,0,0
BRDA:143,23,1,0
BRDA:144,24,0,0
BRDA:144,24,1,0
BRDA:144,25,0,0
BRDA:144,25,1,0
BRDA:145,26,0,0
BRDA:145,26,1,0
BRDA:145,27,0,0
BRDA:145,27,1,0
BRDA:146,28,0,0
BRDA:146,28,1,0
BRDA:151,29,0,0
BRDA:151,29,1,0
BRDA:157,30,0,0
BRDA:157,30,1,0
BRDA:187,31,0,0
BRDA:187,31,1,0
BRDA:188,32,0,0
BRDA:188,32,1,0
BRDA:189,33,0,0
BRDA:189,33,1,0
BRDA:190,34,0,0
BRDA:190,34,1,0
BRDA:191,35,0,0
BRDA:191,35,1,0
BRDA:192,36,0,0
BRDA:192,36,1,0
BRDA:197,37,0,0
BRDA:197,37,1,0
BRDA:198,38,0,0
BRDA:198,38,1,0
BRDA:198,39,0,0
BRDA:198,39,1,0
BRDA:199,40,0,0
BRDA:199,40,1,0
BRDA:199,41,0,0
BRDA:199,41,1,0
BRDA:200,42,0,0
BRDA:200,42,1,0
BRDA:200,43,0,0
BRDA:200,43,1,0
BRDA:201,44,0,0
BRDA:201,44,1,0
BRDA:201,45,0,0
BRDA:201,45,1,0
BRDA:202,46,0,0
BRDA:202,46,1,0
BRDA:202,47,0,0
BRDA:202,47,1,0
BRDA:203,48,0,0
BRDA:203,48,1,0
BRDA:216,49,0,0
BRDA:216,49,1,0
BRDA:219,50,0,0
BRDA:219,50,1,0
BRDA:226,51,0,0
BRDA:226,51,1,0
BRDA:235,52,0,0
BRDA:235,52,1,0
BRDA:237,53,0,0
BRDA:237,53,1,0
BRDA:238,54,0,0
BRDA:238,54,1,0
BRDA:239,55,0,0
BRDA:239,55,1,0
BRDA:298,56,0,0
BRDA:298,56,1,0
BRDA:303,57,0,0
BRDA:303,57,1,0
BRDA:308,58,0,0
BRDA:308,58,1,0
BRDA:312,59,0,0
BRDA:312,59,1,0
BRDA:325,60,0,0
BRDA:325,60,1,0
BRDA:328,61,0,0
BRDA:328,61,1,0
BRDA:331,62,0,0
BRDA:331,62,1,0
BRDA:331,63,0,0
BRDA:331,63,1,0
BRDA:336,64,0,0
BRDA:336,64,1,0
BRDA:336,65,0,0
BRDA:336,65,1,0
BRDA:340,66,0,0
BRDA:340,66,1,0
BRDA:357,67,0,0
BRDA:357,67,1,0
BRDA:359,68,0,0
BRDA:359,68,1,0
BRDA:376,69,0,0
BRDA:376,69,1,0
BRF:137
BRH:0
end_of_record
TN:
SF:src\screens\TestListScreen.jsx
FN:10,TestListScreen
FN:16,(anonymous_1)
FN:20,(anonymous_2)
FN:36,(anonymous_3)
FN:42,(anonymous_4)
FN:54,(anonymous_5)
FN:60,(anonymous_6)
FN:121,(anonymous_7)
FN:151,(anonymous_8)
FNF:9
FNH:0
FNDA:0,TestListScreen
FNDA:0,(anonymous_1)
FNDA:0,(anonymous_2)
FNDA:0,(anonymous_3)
FNDA:0,(anonymous_4)
FNDA:0,(anonymous_5)
FNDA:0,(anonymous_6)
FNDA:0,(anonymous_7)
FNDA:0,(anonymous_8)
DA:11,0
DA:12,0
DA:13,0
DA:14,0
DA:16,0
DA:17,0
DA:20,0
DA:21,0
DA:22,0
DA:23,0
DA:24,0
DA:25,0
DA:26,0
DA:27,0
DA:29,0
DA:30,0
DA:32,0
DA:36,0
DA:37,0
DA:38,0
DA:39,0
DA:42,0
DA:43,0
DA:54,0
DA:60,0
DA:61,0
DA:62,0
DA:63,0
DA:66,0
DA:67,0
DA:75,0
DA:122,0
DA:123,0
DA:151,0
LF:34
LH:0
BRDA:26,0,0,0
BRDA:26,0,1,0
BRDA:61,1,0,0
BRDA:61,1,1,0
BRDA:62,2,0,0
BRDA:62,2,1,0
BRDA:62,3,0,0
BRDA:62,3,1,0
BRDA:66,4,0,0
BRDA:66,4,1,0
BRDA:109,5,0,0
BRDA:109,5,1,0
BRDA:109,6,0,0
BRDA:109,6,1,0
BRDA:143,7,0,0
BRDA:143,7,1,0
BRF:16
BRH:0
end_of_record
TN:
SF:src\screens\TestRunnerScreen.jsx
FN:13,(anonymous_0)
FN:18,(anonymous_1)
FN:33,(anonymous_2)
FN:76,(anonymous_3)
FN:98,(anonymous_4)
FN:104,(anonymous_5)
FN:121,(anonymous_6)
FN:138,(anonymous_7)
FN:146,(anonymous_8)
FN:178,(anonymous_9)
FN:224,(anonymous_10)
FNF:11
FNH:0
FNDA:0,(anonymous_0)
FNDA:0,(anonymous_1)
FNDA:0,(anonymous_2)
FNDA:0,(anonymous_3)
FNDA:0,(anonymous_4)
FNDA:0,(anonymous_5)
FNDA:0,(anonymous_6)
FNDA:0,(anonymous_7)
FNDA:0,(anonymous_8)
FNDA:0,(anonymous_9)
FNDA:0,(anonymous_10)
DA:13,0
DA:14,0
DA:15,0
DA:16,0
DA:18,0
DA:19,0
DA:20,0
DA:21,0
DA:22,0
DA:23,0
DA:29,0
DA:33,0
DA:34,0
DA:35,0
DA:36,0
DA:37,0
DA:40,0
DA:57,0
DA:60,0
DA:76,0
DA:77,0
DA:78,0
DA:79,0
DA:81,0
DA:94,0
DA:98,0
DA:99,0
DA:100,0
DA:102,0
DA:104,0
DA:107,0
DA:108,0
DA:110,0
DA:112,0
DA:114,0
DA:115,0
DA:117,0
DA:121,0
DA:122,0
DA:125,0
DA:138,0
DA:146,0
DA:178,0
DA:225,0
DA:246,0
LF:45
LH:0
BRDA:107,0,0,0
BRDA:107,0,1,0
BRDA:122,1,0,0
BRDA:122,1,1,0
BRDA:137,2,0,0
BRDA:137,2,1,0
BRDA:140,3,0,0
BRDA:140,3,1,0
BRDA:145,4,0,0
BRDA:145,4,1,0
BRDA:148,5,0,0
BRDA:148,5,1,0
BRDA:158,6,0,0
BRDA:158,6,1,0
BRDA:166,7,0,0
BRDA:166,7,1,0
BRDA:171,8,0,0
BRDA:171,8,1,0
BRDA:171,9,0,0
BRDA:171,9,1,0
BRDA:175,10,0,0
BRDA:175,10,1,0
BRDA:184,11,0,0
BRDA:184,11,1,0
BRDA:186,12,0,0
BRDA:186,12,1,0
BRDA:228,13,0,0
BRDA:228,13,1,0
BRDA:240,14,0,0
BRDA:240,14,1,0
BRF:30
BRH:0
end_of_record
TN:
SF:src\screens\TestScreen.jsx
FN:12,TestScreen
FN:37,(anonymous_1)
FN:44,(anonymous_2)
FN:49,(anonymous_3)
FN:68,(anonymous_4)
FN:84,(anonymous_5)
FN:99,(anonymous_6)
FN:131,(anonymous_7)
FN:142,(anonymous_8)
FN:156,(anonymous_9)
FN:164,(anonymous_10)
FN:183,(anonymous_11)
FN:204,(anonymous_12)
FN:211,(anonymous_13)
FN:215,(anonymous_14)
FN:236,(anonymous_15)
FN:271,(anonymous_16)
FN:272,(anonymous_17)
FN:273,(anonymous_18)
FN:273,(anonymous_19)
FN:303,(anonymous_20)
FN:320,(anonymous_21)
FN:327,(anonymous_22)
FN:334,(anonymous_23)
FN:335,(anonymous_24)
FN:347,(anonymous_25)
FN:390,(anonymous_26)
FN:426,(anonymous_27)
FN:449,(anonymous_28)
FN:506,(anonymous_29)
FN:523,(anonymous_30)
FNF:31
FNH:11
FNDA:28,TestScreen
FNDA:0,(anonymous_1)
FNDA:0,(anonymous_2)
FNDA:9,(anonymous_3)
FNDA:9,(anonymous_4)
FNDA:18,(anonymous_5)
FNDA:11,(anonymous_6)
FNDA:0,(anonymous_7)
FNDA:0,(anonymous_8)
FNDA:2,(anonymous_9)
FNDA:8,(anonymous_10)
FNDA:8,(anonymous_11)
FNDA:0,(anonymous_12)
FNDA:0,(anonymous_13)
FNDA:0,(anonymous_14)
FNDA:0,(anonymous_15)
FNDA:0,(anonymous_16)
FNDA:0,(anonymous_17)
FNDA:0,(anonymous_18)
FNDA:0,(anonymous_19)
FNDA:0,(anonymous_20)
FNDA:0,(anonymous_21)
FNDA:11,(anonymous_22)
FNDA:11,(anonymous_23)
FNDA:0,(anonymous_24)
FNDA:0,(anonymous_25)
FNDA:0,(anonymous_26)
FNDA:0,(anonymous_27)
FNDA:0,(anonymous_28)
FNDA:44,(anonymous_29)
FNDA:0,(anonymous_30)
DA:13,28
DA:14,28
DA:15,28
DA:17,28
DA:18,28
DA:19,28
DA:20,28
DA:21,28
DA:22,28
DA:23,28
DA:24,28
DA:25,28
DA:28,28
DA:29,28
DA:31,28
DA:34,28
DA:37,28
DA:38,0
DA:39,0
DA:41,0
DA:44,0
DA:49,28
DA:50,9
DA:51,8
DA:52,8
DA:53,8
DA:56,8
DA:59,8
DA:61,8
DA:62,8
DA:64,1
DA:68,9
DA:69,9
DA:70,9
DA:72,9
DA:73,2
DA:74,2
DA:77,9
DA:78,8
DA:84,28
DA:85,18
DA:86,7
DA:87,7
DA:89,7
DA:90,7
DA:91,7
DA:93,0
DA:99,28
DA:101,11
DA:102,1
DA:106,10
DA:107,0
DA:108,0
DA:112,10
DA:113,0
DA:114,0
DA:118,10
DA:119,8
DA:120,0
DA:122,8
DA:126,2
DA:128,2
DA:131,2
DA:133,0
DA:134,0
DA:135,0
DA:136,0
DA:137,0
DA:139,0
DA:142,0
DA:143,0
DA:144,0
DA:145,0
DA:146,0
DA:148,0
DA:153,2
DA:156,2
DA:157,2
DA:158,0
DA:159,0
DA:164,28
DA:165,8
DA:168,8
DA:169,0
DA:170,0
DA:173,8
DA:174,8
DA:175,8
DA:176,8
DA:177,8
DA:178,8
DA:179,8
DA:180,8
DA:183,28
DA:184,8
DA:185,8
DA:186,8
DA:188,8
DA:190,8
DA:191,8
DA:192,8
DA:193,8
DA:194,8
DA:196,0
DA:197,0
DA:200,0
DA:201,0
DA:204,0
DA:207,8
DA:211,28
DA:212,0
DA:215,28
DA:216,0
DA:217,0
DA:218,0
DA:219,0
DA:220,0
DA:223,0
DA:224,0
DA:225,0
DA:226,0
DA:230,0
DA:233,0
DA:234,0
DA:236,0
DA:237,0
DA:238,0
DA:240,0
DA:241,0
DA:244,0
DA:245,0
DA:249,0
DA:250,0
DA:258,0
DA:260,0
DA:271,0
DA:272,0
DA:273,0
DA:274,0
DA:275,0
DA:277,0
DA:278,0
DA:281,0
DA:284,0
DA:294,0
DA:295,0
DA:303,28
DA:304,0
DA:306,0
DA:307,0
DA:308,0
DA:310,0
DA:311,0
DA:312,0
DA:316,0
DA:320,28
DA:321,0
DA:322,0
DA:323,0
DA:327,28
DA:328,11
DA:329,11
DA:330,11
DA:334,28
DA:335,11
DA:336,0
DA:337,0
DA:339,0
DA:348,0
DA:349,0
DA:350,0
DA:351,0
DA:353,0
DA:354,0
DA:355,0
DA:363,11
DA:367,28
DA:368,27
DA:379,28
DA:380,1
DA:390,0
DA:399,27
DA:400,16
DA:415,11
DA:416,0
DA:426,0
DA:435,11
DA:438,11
DA:439,0
DA:449,0
DA:458,11
DA:508,44
DA:510,0
DA:512,0
DA:523,0
DA:567,1
LF:196
LH:101
BRDA:15,0,0,28
BRDA:15,0,1,0
BRDA:31,1,0,27
BRDA:31,1,1,1
BRDA:34,2,0,28
BRDA:34,2,1,0
BRDA:50,3,0,8
BRDA:50,3,1,1
BRDA:72,4,0,2
BRDA:72,4,1,7
BRDA:77,5,0,8
BRDA:77,5,1,1
BRDA:77,6,0,9
BRDA:77,6,1,8
BRDA:85,7,0,7
BRDA:85,7,1,11
BRDA:85,8,0,18
BRDA:85,8,1,9
BRDA:85,8,2,7
BRDA:85,8,3,7
BRDA:85,8,4,7
BRDA:89,9,0,7
BRDA:89,9,1,0
BRDA:101,10,0,1
BRDA:101,10,1,10
BRDA:101,11,0,11
BRDA:101,11,1,10
BRDA:106,12,0,0
BRDA:106,12,1,10
BRDA:112,13,0,0
BRDA:112,13,1,10
BRDA:118,14,0,8
BRDA:118,14,1,2
BRDA:118,15,0,10
BRDA:118,15,1,2
BRDA:119,16,0,0
BRDA:119,16,1,8
BRDA:119,17,0,8
BRDA:119,17,1,8
BRDA:119,17,2,0
BRDA:133,18,0,0
BRDA:133,18,1,0
BRDA:133,19,0,0
BRDA:133,19,1,0
BRDA:135,20,0,0
BRDA:135,20,1,0
BRDA:144,21,0,0
BRDA:144,21,1,0
BRDA:157,22,0,0
BRDA:157,22,1,2
BRDA:168,23,0,0
BRDA:168,23,1,8
BRDA:190,24,0,8
BRDA:190,24,1,0
BRDA:190,25,0,8
BRDA:190,25,1,8
BRDA:224,26,0,0
BRDA:224,26,1,0
BRDA:238,27,0,0
BRDA:238,27,1,0
BRDA:240,28,0,0
BRDA:240,28,1,0
BRDA:244,29,0,0
BRDA:244,29,1,0
BRDA:244,30,0,0
BRDA:244,30,1,0
BRDA:249,31,0,0
BRDA:249,31,1,0
BRDA:274,32,0,0
BRDA:274,32,1,0
BRDA:304,33,0,0
BRDA:304,33,1,0
BRDA:310,34,0,0
BRDA:310,34,1,0
BRDA:312,35,0,0
BRDA:312,35,1,0
BRDA:321,36,0,0
BRDA:321,36,1,0
BRDA:323,37,0,0
BRDA:323,37,1,0
BRDA:336,38,0,0
BRDA:336,38,1,0
BRDA:336,39,0,0
BRDA:336,39,1,0
BRDA:349,40,0,0
BRDA:349,40,1,0
BRDA:367,41,0,27
BRDA:367,41,1,1
BRDA:367,42,0,28
BRDA:367,42,1,28
BRDA:379,43,0,1
BRDA:379,43,1,27
BRDA:399,44,0,16
BRDA:399,44,1,11
BRDA:403,45,0,16
BRDA:403,45,1,0
BRDA:415,46,0,0
BRDA:415,46,1,11
BRDA:419,47,0,0
BRDA:419,47,1,0
BRDA:438,48,0,0
BRDA:438,48,1,11
BRDA:442,49,0,0
BRDA:442,49,1,0
BRDA:462,50,0,11
BRDA:462,50,1,0
BRDA:474,51,0,0
BRDA:474,51,1,11
BRDA:479,52,0,0
BRDA:479,52,1,11
BRDA:494,53,0,11
BRDA:494,53,1,11
BRDA:494,54,0,11
BRDA:494,54,1,0
BRDA:499,55,0,11
BRDA:499,55,1,0
BRDA:508,56,0,44
BRDA:508,56,1,0
BRDA:519,57,0,0
BRDA:519,57,1,0
BRDA:520,58,0,0
BRDA:520,58,1,0
BRDA:526,59,0,0
BRDA:526,59,1,0
BRDA:535,60,0,11
BRDA:535,60,1,0
BRDA:549,61,0,11
BRDA:549,61,1,0
BRDA:550,62,0,0
BRDA:550,62,1,11
BRDA:557,63,0,11
BRDA:557,63,1,0
BRDA:557,64,0,11
BRDA:557,64,1,11
BRDA:557,65,0,11
BRDA:557,65,1,0
BRF:136
BRH:64
end_of_record
TN:
SF:src\services\database.js
FN:5,(anonymous_0)
FN:28,(anonymous_1)
FN:55,(anonymous_2)
FN:80,(anonymous_3)
FN:90,(anonymous_4)
FN:117,(anonymous_5)
FN:144,(anonymous_6)
FN:184,(anonymous_7)
FN:218,(anonymous_8)
FN:228,(anonymous_9)
FN:236,(anonymous_10)
FN:245,(anonymous_11)
FN:263,(anonymous_12)
FN:298,(anonymous_13)
FN:320,(anonymous_14)
FN:346,(anonymous_15)
FN:376,(anonymous_16)
FN:388,(anonymous_17)
FN:403,(anonymous_18)
FN:428,(anonymous_19)
FN:443,(anonymous_20)
FN:444,(anonymous_21)
FN:450,(anonymous_22)
FN:465,(anonymous_23)
FN:480,(anonymous_24)
FN:501,(anonymous_25)
FN:531,(anonymous_26)
FN:555,(anonymous_27)
FN:589,(anonymous_28)
FNF:29
FNH:0
FNDA:0,(anonymous_0)
FNDA:0,(anonymous_1)
FNDA:0,(anonymous_2)
FNDA:0,(anonymous_3)
FNDA:0,(anonymous_4)
FNDA:0,(anonymous_5)
FNDA:0,(anonymous_6)
FNDA:0,(anonymous_7)
FNDA:0,(anonymous_8)
FNDA:0,(anonymous_9)
FNDA:0,(anonymous_10)
FNDA:0,(anonymous_11)
FNDA:0,(anonymous_12)
FNDA:0,(anonymous_13)
FNDA:0,(anonymous_14)
FNDA:0,(anonymous_15)
FNDA:0,(anonymous_16)
FNDA:0,(anonymous_17)
FNDA:0,(anonymous_18)
FNDA:0,(anonymous_19)
FNDA:0,(anonymous_20)
FNDA:0,(anonymous_21)
FNDA:0,(anonymous_22)
FNDA:0,(anonymous_23)
FNDA:0,(anonymous_24)
FNDA:0,(anonymous_25)
FNDA:0,(anonymous_26)
FNDA:0,(anonymous_27)
FNDA:0,(anonymous_28)
DA:6,0
DA:7,0
DA:9,0
DA:14,0
DA:15,0
DA:16,0
DA:19,0
DA:20,0
DA:22,0
DA:23,0
DA:29,0
DA:30,0
DA:32,0
DA:38,0
DA:39,0
DA:40,0
DA:41,0
DA:43,0
DA:46,0
DA:47,0
DA:49,0
DA:50,0
DA:56,0
DA:57,0
DA:59,0
DA:74,0
DA:75,0
DA:76,0
DA:80,0
DA:81,0
DA:82,0
DA:84,0
DA:85,0
DA:91,0
DA:92,0
DA:94,0
DA:100,0
DA:101,0
DA:102,0
DA:103,0
DA:105,0
DA:108,0
DA:109,0
DA:111,0
DA:112,0
DA:118,0
DA:119,0
DA:121,0
DA:127,0
DA:128,0
DA:129,0
DA:130,0
DA:132,0
DA:135,0
DA:136,0
DA:138,0
DA:139,0
DA:145,0
DA:146,0
DA:149,0
DA:170,0
DA:171,0
DA:172,0
DA:175,0
DA:177,0
DA:178,0
DA:182,0
DA:184,0
DA:185,0
DA:186,0
DA:187,0
DA:197,0
DA:198,0
DA:201,0
DA:202,0
DA:203,0
DA:207,0
DA:208,0
DA:210,0
DA:212,0
DA:213,0
DA:218,0
DA:228,0
DA:235,0
DA:236,0
DA:239,0
DA:240,0
DA:246,0
DA:247,0
DA:248,0
DA:258,0
DA:263,0
DA:267,0
DA:268,0
DA:269,0
DA:270,0
DA:271,0
DA:272,0
DA:274,0
DA:275,0
DA:279,0
DA:280,0
DA:281,0
DA:284,0
DA:292,0
DA:293,0
DA:296,0
DA:297,0
DA:298,0
DA:300,0
DA:305,0
DA:306,0
DA:307,0
DA:308,0
DA:311,0
DA:312,0
DA:314,0
DA:315,0
DA:321,0
DA:322,0
DA:324,0
DA:331,0
DA:332,0
DA:333,0
DA:336,0
DA:337,0
DA:338,0
DA:340,0
DA:341,0
DA:347,0
DA:348,0
DA:350,0
DA:366,0
DA:367,0
DA:368,0
DA:371,0
DA:372,0
DA:376,0
DA:377,0
DA:380,0
DA:382,0
DA:388,0
DA:397,0
DA:398,0
DA:404,0
DA:405,0
DA:407,0
DA:414,0
DA:415,0
DA:416,0
DA:419,0
DA:420,0
DA:422,0
DA:423,0
DA:429,0
DA:430,0
DA:432,0
DA:437,0
DA:438,0
DA:439,0
DA:442,0
DA:443,0
DA:444,0
DA:445,0
DA:446,0
DA:449,0
DA:450,0
DA:457,0
DA:459,0
DA:460,0
DA:466,0
DA:467,0
DA:469,0
DA:474,0
DA:475,0
DA:476,0
DA:479,0
DA:480,0
DA:481,0
DA:482,0
DA:483,0
DA:484,0
DA:485,0
DA:486,0
DA:487,0
DA:488,0
DA:489,0
DA:492,0
DA:495,0
DA:496,0
DA:502,0
DA:503,0
DA:505,0
DA:510,0
DA:511,0
DA:512,0
DA:515,0
DA:517,0
DA:525,0
DA:526,0
DA:532,0
DA:533,0
DA:536,0
DA:541,0
DA:542,0
DA:543,0
DA:546,0
DA:547,0
DA:549,0
DA:550,0
DA:556,0
DA:557,0
DA:559,0
DA:565,0
DA:566,0
DA:567,0
DA:570,0
DA:573,0
DA:574,0
DA:580,0
DA:583,0
DA:584,0
DA:590,0
LF:223
LH:0
BRDA:14,0,0,0
BRDA:14,0,1,0
BRDA:19,1,0,0
BRDA:19,1,1,0
BRDA:20,2,0,0
BRDA:20,2,1,0
BRDA:38,3,0,0
BRDA:38,3,1,0
BRDA:40,4,0,0
BRDA:40,4,1,0
BRDA:74,5,0,0
BRDA:74,5,1,0
BRDA:80,6,0,0
BRDA:80,6,1,0
BRDA:100,7,0,0
BRDA:100,7,1,0
BRDA:102,8,0,0
BRDA:102,8,1,0
BRDA:127,9,0,0
BRDA:127,9,1,0
BRDA:129,10,0,0
BRDA:129,10,1,0
BRDA:170,11,0,0
BRDA:170,11,1,0
BRDA:175,12,0,0
BRDA:175,12,1,0
BRDA:177,13,0,0
BRDA:177,13,1,0
BRDA:177,14,0,0
BRDA:177,14,1,0
BRDA:186,15,0,0
BRDA:186,15,1,0
BRDA:202,16,0,0
BRDA:202,16,1,0
BRDA:212,17,0,0
BRDA:212,17,1,0
BRDA:267,18,0,0
BRDA:267,18,1,0
BRDA:269,19,0,0
BRDA:269,19,1,0
BRDA:271,20,0,0
BRDA:271,20,1,0
BRDA:279,21,0,0
BRDA:279,21,1,0
BRDA:279,22,0,0
BRDA:279,22,1,0
BRDA:280,23,0,0
BRDA:280,23,1,0
BRDA:288,24,0,0
BRDA:288,24,1,0
BRDA:305,25,0,0
BRDA:305,25,1,0
BRDA:331,26,0,0
BRDA:331,26,1,0
BRDA:336,27,0,0
BRDA:336,27,1,0
BRDA:366,28,0,0
BRDA:366,28,1,0
BRDA:371,29,0,0
BRDA:371,29,1,0
BRDA:371,30,0,0
BRDA:371,30,1,0
BRDA:414,31,0,0
BRDA:414,31,1,0
BRDA:437,32,0,0
BRDA:437,32,1,0
BRDA:449,33,0,0
BRDA:449,33,1,0
BRDA:449,34,0,0
BRDA:449,34,1,0
BRDA:474,35,0,0
BRDA:474,35,1,0
BRDA:510,36,0,0
BRDA:510,36,1,0
BRDA:520,37,0,0
BRDA:520,37,1,0
BRDA:541,38,0,0
BRDA:541,38,1,0
BRDA:565,39,0,0
BRDA:565,39,1,0
BRDA:570,40,0,0
BRDA:570,40,1,0
BRDA:573,41,0,0
BRDA:573,41,1,0
BRDA:573,42,0,0
BRDA:573,42,1,0
BRDA:580,43,0,0
BRDA:580,43,1,0
BRF:88
BRH:0
end_of_record
TN:
SF:src\styles\global.js
FNF:0
FNH:0
DA:4,1
DA:5,1
DA:7,1
LF:3
LH:3
BRDA:797,0,0,1
BRDA:797,0,1,1
BRDA:803,1,0,1
BRDA:803,1,1,1
BRF:4
BRH:4
end_of_record
